The system is: Linux - 4.10.0-30-generic - i686
Compiling the CXX compiler identification source file "CMakeCXXCompilerId.cpp" succeeded.
Compiler: /usr/bin/c++ 
Build flags: 
Id flags: 

The output was:
0


Compilation of the CXX compiler identification source "CMakeCXXCompilerId.cpp" produced "a.out"

The CXX compiler identification is GNU, found in "/home/blid/dev/cpc-wrapper/cmake-build-debug/CMakeFiles/3.7.2/CompilerIdCXX/a.out"

Compiling the C compiler identification source file "CMakeCCompilerId.c" succeeded.
Compiler: /usr/bin/cc 
Build flags: 
Id flags: 

The output was:
0


Compilation of the C compiler identification source "CMakeCCompilerId.c" produced "a.out"

The C compiler identification is GNU, found in "/home/blid/dev/cpc-wrapper/cmake-build-debug/CMakeFiles/3.7.2/CompilerIdC/a.out"

Determining if the CXX compiler works passed with the following output:
Change Dir: /home/blid/dev/cpc-wrapper/cmake-build-debug/CMakeFiles/CMakeTmp

Run Build Command:"/usr/bin/make" "cmTC_1cf11/fast"
/usr/bin/make -f CMakeFiles/cmTC_1cf11.dir/build.make CMakeFiles/cmTC_1cf11.dir/build
make[1]: Entering directory '/home/blid/dev/cpc-wrapper/cmake-build-debug/CMakeFiles/CMakeTmp'
Building CXX object CMakeFiles/cmTC_1cf11.dir/testCXXCompiler.cxx.o
/usr/bin/c++      -o CMakeFiles/cmTC_1cf11.dir/testCXXCompiler.cxx.o -c /home/blid/dev/cpc-wrapper/cmake-build-debug/CMakeFiles/CMakeTmp/testCXXCompiler.cxx
Linking CXX executable cmTC_1cf11
/usr/bin/cmake -E cmake_link_script CMakeFiles/cmTC_1cf11.dir/link.txt --verbose=1
/usr/bin/c++        CMakeFiles/cmTC_1cf11.dir/testCXXCompiler.cxx.o  -o cmTC_1cf11 -rdynamic 
make[1]: Leaving directory '/home/blid/dev/cpc-wrapper/cmake-build-debug/CMakeFiles/CMakeTmp'


Detecting CXX compiler ABI info compiled with the following output:
Change Dir: /home/blid/dev/cpc-wrapper/cmake-build-debug/CMakeFiles/CMakeTmp

Run Build Command:"/usr/bin/make" "cmTC_1c269/fast"
/usr/bin/make -f CMakeFiles/cmTC_1c269.dir/build.make CMakeFiles/cmTC_1c269.dir/build
make[1]: Entering directory '/home/blid/dev/cpc-wrapper/cmake-build-debug/CMakeFiles/CMakeTmp'
Building CXX object CMakeFiles/cmTC_1c269.dir/CMakeCXXCompilerABI.cpp.o
/usr/bin/c++      -o CMakeFiles/cmTC_1c269.dir/CMakeCXXCompilerABI.cpp.o -c /usr/share/cmake-3.7/Modules/CMakeCXXCompilerABI.cpp
Linking CXX executable cmTC_1c269
/usr/bin/cmake -E cmake_link_script CMakeFiles/cmTC_1c269.dir/link.txt --verbose=1
/usr/bin/c++       -v CMakeFiles/cmTC_1c269.dir/CMakeCXXCompilerABI.cpp.o  -o cmTC_1c269 -rdynamic  
Using built-in specs.
COLLECT_GCC=/usr/bin/c++
COLLECT_LTO_WRAPPER=/usr/lib/gcc/i686-linux-gnu/6/lto-wrapper
Target: i686-linux-gnu
Configured with: ../src/configure -v --with-pkgversion='Ubuntu 6.3.0-12ubuntu2' --with-bugurl=file:///usr/share/doc/gcc-6/README.Bugs --enable-languages=c,ada,c++,java,go,d,fortran,objc,obj-c++ --prefix=/usr --program-suffix=-6 --program-prefix=i686-linux-gnu- --enable-shared --enable-linker-build-id --libexecdir=/usr/lib --without-included-gettext --enable-threads=posix --libdir=/usr/lib --enable-nls --with-sysroot=/ --enable-clocale=gnu --enable-libstdcxx-debug --enable-libstdcxx-time=yes --with-default-libstdcxx-abi=new --enable-gnu-unique-object --disable-vtable-verify --enable-libmpx --enable-plugin --with-system-zlib --disable-browser-plugin --enable-java-awt=gtk --enable-gtk-cairo --with-java-home=/usr/lib/jvm/java-1.5.0-gcj-6-i386/jre --enable-java-home --with-jvm-root-dir=/usr/lib/jvm/java-1.5.0-gcj-6-i386 --with-jvm-jar-dir=/usr/lib/jvm-exports/java-1.5.0-gcj-6-i386 --with-arch-directory=i386 --with-ecj-jar=/usr/share/java/eclipse-ecj.jar --with-target-system-zlib --enable-objc-gc=auto --enable-targets=all --enable-multiarch --disable-werror --with-arch-32=i686 --with-multilib-list=m32,m64,mx32 --enable-multilib --with-tune=generic --enable-checking=release --build=i686-linux-gnu --host=i686-linux-gnu --target=i686-linux-gnu
Thread model: posix
gcc version 6.3.0 20170406 (Ubuntu 6.3.0-12ubuntu2) 
COMPILER_PATH=/usr/lib/gcc/i686-linux-gnu/6/:/usr/lib/gcc/i686-linux-gnu/6/:/usr/lib/gcc/i686-linux-gnu/:/usr/lib/gcc/i686-linux-gnu/6/:/usr/lib/gcc/i686-linux-gnu/
LIBRARY_PATH=/usr/lib/gcc/i686-linux-gnu/6/:/usr/lib/gcc/i686-linux-gnu/6/../../../i386-linux-gnu/:/usr/lib/gcc/i686-linux-gnu/6/../../../../lib/:/lib/i386-linux-gnu/:/lib/../lib/:/usr/lib/i386-linux-gnu/:/usr/lib/../lib/:/usr/lib/gcc/i686-linux-gnu/6/../../../:/lib/:/usr/lib/
COLLECT_GCC_OPTIONS='-v' '-o' 'cmTC_1c269' '-rdynamic' '-shared-libgcc' '-mtune=generic' '-march=i686'
 /usr/lib/gcc/i686-linux-gnu/6/collect2 -plugin /usr/lib/gcc/i686-linux-gnu/6/liblto_plugin.so -plugin-opt=/usr/lib/gcc/i686-linux-gnu/6/lto-wrapper -plugin-opt=-fresolution=/tmp/ccJRK2FZ.res -plugin-opt=-pass-through=-lgcc_s -plugin-opt=-pass-through=-lgcc -plugin-opt=-pass-through=-lc -plugin-opt=-pass-through=-lgcc_s -plugin-opt=-pass-through=-lgcc --sysroot=/ --build-id --eh-frame-hdr -m elf_i386 --hash-style=gnu --as-needed -export-dynamic -dynamic-linker /lib/ld-linux.so.2 -z relro -o cmTC_1c269 /usr/lib/gcc/i686-linux-gnu/6/../../../i386-linux-gnu/crt1.o /usr/lib/gcc/i686-linux-gnu/6/../../../i386-linux-gnu/crti.o /usr/lib/gcc/i686-linux-gnu/6/crtbegin.o -L/usr/lib/gcc/i686-linux-gnu/6 -L/usr/lib/gcc/i686-linux-gnu/6/../../../i386-linux-gnu -L/usr/lib/gcc/i686-linux-gnu/6/../../../../lib -L/lib/i386-linux-gnu -L/lib/../lib -L/usr/lib/i386-linux-gnu -L/usr/lib/../lib -L/usr/lib/gcc/i686-linux-gnu/6/../../.. CMakeFiles/cmTC_1c269.dir/CMakeCXXCompilerABI.cpp.o -lstdc++ -lm -lgcc_s -lgcc -lc -lgcc_s -lgcc /usr/lib/gcc/i686-linux-gnu/6/crtend.o /usr/lib/gcc/i686-linux-gnu/6/../../../i386-linux-gnu/crtn.o
COLLECT_GCC_OPTIONS='-v' '-o' 'cmTC_1c269' '-rdynamic' '-shared-libgcc' '-mtune=generic' '-march=i686'
make[1]: Leaving directory '/home/blid/dev/cpc-wrapper/cmake-build-debug/CMakeFiles/CMakeTmp'


Parsed CXX implicit link information from above output:
  link line regex: [^( *|.*[/\])(ld|([^/\]+-)?ld|collect2)[^/\]*( |$)]
  ignore line: [Change Dir: /home/blid/dev/cpc-wrapper/cmake-build-debug/CMakeFiles/CMakeTmp]
  ignore line: []
  ignore line: [Run Build Command:"/usr/bin/make" "cmTC_1c269/fast"]
  ignore line: [/usr/bin/make -f CMakeFiles/cmTC_1c269.dir/build.make CMakeFiles/cmTC_1c269.dir/build]
  ignore line: [make[1]: Entering directory '/home/blid/dev/cpc-wrapper/cmake-build-debug/CMakeFiles/CMakeTmp']
  ignore line: [Building CXX object CMakeFiles/cmTC_1c269.dir/CMakeCXXCompilerABI.cpp.o]
  ignore line: [/usr/bin/c++      -o CMakeFiles/cmTC_1c269.dir/CMakeCXXCompilerABI.cpp.o -c /usr/share/cmake-3.7/Modules/CMakeCXXCompilerABI.cpp]
  ignore line: [Linking CXX executable cmTC_1c269]
  ignore line: [/usr/bin/cmake -E cmake_link_script CMakeFiles/cmTC_1c269.dir/link.txt --verbose=1]
  ignore line: [/usr/bin/c++       -v CMakeFiles/cmTC_1c269.dir/CMakeCXXCompilerABI.cpp.o  -o cmTC_1c269 -rdynamic  ]
  ignore line: [Using built-in specs.]
  ignore line: [COLLECT_GCC=/usr/bin/c++]
  ignore line: [COLLECT_LTO_WRAPPER=/usr/lib/gcc/i686-linux-gnu/6/lto-wrapper]
  ignore line: [Target: i686-linux-gnu]
  ignore line: [Configured with: ../src/configure -v --with-pkgversion='Ubuntu 6.3.0-12ubuntu2' --with-bugurl=file:///usr/share/doc/gcc-6/README.Bugs --enable-languages=c,ada,c++,java,go,d,fortran,objc,obj-c++ --prefix=/usr --program-suffix=-6 --program-prefix=i686-linux-gnu- --enable-shared --enable-linker-build-id --libexecdir=/usr/lib --without-included-gettext --enable-threads=posix --libdir=/usr/lib --enable-nls --with-sysroot=/ --enable-clocale=gnu --enable-libstdcxx-debug --enable-libstdcxx-time=yes --with-default-libstdcxx-abi=new --enable-gnu-unique-object --disable-vtable-verify --enable-libmpx --enable-plugin --with-system-zlib --disable-browser-plugin --enable-java-awt=gtk --enable-gtk-cairo --with-java-home=/usr/lib/jvm/java-1.5.0-gcj-6-i386/jre --enable-java-home --with-jvm-root-dir=/usr/lib/jvm/java-1.5.0-gcj-6-i386 --with-jvm-jar-dir=/usr/lib/jvm-exports/java-1.5.0-gcj-6-i386 --with-arch-directory=i386 --with-ecj-jar=/usr/share/java/eclipse-ecj.jar --with-target-system-zlib --enable-objc-gc=auto --enable-targets=all --enable-multiarch --disable-werror --with-arch-32=i686 --with-multilib-list=m32,m64,mx32 --enable-multilib --with-tune=generic --enable-checking=release --build=i686-linux-gnu --host=i686-linux-gnu --target=i686-linux-gnu]
  ignore line: [Thread model: posix]
  ignore line: [gcc version 6.3.0 20170406 (Ubuntu 6.3.0-12ubuntu2) ]
  ignore line: [COMPILER_PATH=/usr/lib/gcc/i686-linux-gnu/6/:/usr/lib/gcc/i686-linux-gnu/6/:/usr/lib/gcc/i686-linux-gnu/:/usr/lib/gcc/i686-linux-gnu/6/:/usr/lib/gcc/i686-linux-gnu/]
  ignore line: [LIBRARY_PATH=/usr/lib/gcc/i686-linux-gnu/6/:/usr/lib/gcc/i686-linux-gnu/6/../../../i386-linux-gnu/:/usr/lib/gcc/i686-linux-gnu/6/../../../../lib/:/lib/i386-linux-gnu/:/lib/../lib/:/usr/lib/i386-linux-gnu/:/usr/lib/../lib/:/usr/lib/gcc/i686-linux-gnu/6/../../../:/lib/:/usr/lib/]
  ignore line: [COLLECT_GCC_OPTIONS='-v' '-o' 'cmTC_1c269' '-rdynamic' '-shared-libgcc' '-mtune=generic' '-march=i686']
  link line: [ /usr/lib/gcc/i686-linux-gnu/6/collect2 -plugin /usr/lib/gcc/i686-linux-gnu/6/liblto_plugin.so -plugin-opt=/usr/lib/gcc/i686-linux-gnu/6/lto-wrapper -plugin-opt=-fresolution=/tmp/ccJRK2FZ.res -plugin-opt=-pass-through=-lgcc_s -plugin-opt=-pass-through=-lgcc -plugin-opt=-pass-through=-lc -plugin-opt=-pass-through=-lgcc_s -plugin-opt=-pass-through=-lgcc --sysroot=/ --build-id --eh-frame-hdr -m elf_i386 --hash-style=gnu --as-needed -export-dynamic -dynamic-linker /lib/ld-linux.so.2 -z relro -o cmTC_1c269 /usr/lib/gcc/i686-linux-gnu/6/../../../i386-linux-gnu/crt1.o /usr/lib/gcc/i686-linux-gnu/6/../../../i386-linux-gnu/crti.o /usr/lib/gcc/i686-linux-gnu/6/crtbegin.o -L/usr/lib/gcc/i686-linux-gnu/6 -L/usr/lib/gcc/i686-linux-gnu/6/../../../i386-linux-gnu -L/usr/lib/gcc/i686-linux-gnu/6/../../../../lib -L/lib/i386-linux-gnu -L/lib/../lib -L/usr/lib/i386-linux-gnu -L/usr/lib/../lib -L/usr/lib/gcc/i686-linux-gnu/6/../../.. CMakeFiles/cmTC_1c269.dir/CMakeCXXCompilerABI.cpp.o -lstdc++ -lm -lgcc_s -lgcc -lc -lgcc_s -lgcc /usr/lib/gcc/i686-linux-gnu/6/crtend.o /usr/lib/gcc/i686-linux-gnu/6/../../../i386-linux-gnu/crtn.o]
    arg [/usr/lib/gcc/i686-linux-gnu/6/collect2] ==> ignore
    arg [-plugin] ==> ignore
    arg [/usr/lib/gcc/i686-linux-gnu/6/liblto_plugin.so] ==> ignore
    arg [-plugin-opt=/usr/lib/gcc/i686-linux-gnu/6/lto-wrapper] ==> ignore
    arg [-plugin-opt=-fresolution=/tmp/ccJRK2FZ.res] ==> ignore
    arg [-plugin-opt=-pass-through=-lgcc_s] ==> ignore
    arg [-plugin-opt=-pass-through=-lgcc] ==> ignore
    arg [-plugin-opt=-pass-through=-lc] ==> ignore
    arg [-plugin-opt=-pass-through=-lgcc_s] ==> ignore
    arg [-plugin-opt=-pass-through=-lgcc] ==> ignore
    arg [--sysroot=/] ==> ignore
    arg [--build-id] ==> ignore
    arg [--eh-frame-hdr] ==> ignore
    arg [-m] ==> ignore
    arg [elf_i386] ==> ignore
    arg [--hash-style=gnu] ==> ignore
    arg [--as-needed] ==> ignore
    arg [-export-dynamic] ==> ignore
    arg [-dynamic-linker] ==> ignore
    arg [/lib/ld-linux.so.2] ==> ignore
    arg [-zrelro] ==> ignore
    arg [-o] ==> ignore
    arg [cmTC_1c269] ==> ignore
    arg [/usr/lib/gcc/i686-linux-gnu/6/../../../i386-linux-gnu/crt1.o] ==> ignore
    arg [/usr/lib/gcc/i686-linux-gnu/6/../../../i386-linux-gnu/crti.o] ==> ignore
    arg [/usr/lib/gcc/i686-linux-gnu/6/crtbegin.o] ==> ignore
    arg [-L/usr/lib/gcc/i686-linux-gnu/6] ==> dir [/usr/lib/gcc/i686-linux-gnu/6]
    arg [-L/usr/lib/gcc/i686-linux-gnu/6/../../../i386-linux-gnu] ==> dir [/usr/lib/gcc/i686-linux-gnu/6/../../../i386-linux-gnu]
    arg [-L/usr/lib/gcc/i686-linux-gnu/6/../../../../lib] ==> dir [/usr/lib/gcc/i686-linux-gnu/6/../../../../lib]
    arg [-L/lib/i386-linux-gnu] ==> dir [/lib/i386-linux-gnu]
    arg [-L/lib/../lib] ==> dir [/lib/../lib]
    arg [-L/usr/lib/i386-linux-gnu] ==> dir [/usr/lib/i386-linux-gnu]
    arg [-L/usr/lib/../lib] ==> dir [/usr/lib/../lib]
    arg [-L/usr/lib/gcc/i686-linux-gnu/6/../../..] ==> dir [/usr/lib/gcc/i686-linux-gnu/6/../../..]
    arg [CMakeFiles/cmTC_1c269.dir/CMakeCXXCompilerABI.cpp.o] ==> ignore
    arg [-lstdc++] ==> lib [stdc++]
    arg [-lm] ==> lib [m]
    arg [-lgcc_s] ==> lib [gcc_s]
    arg [-lgcc] ==> lib [gcc]
    arg [-lc] ==> lib [c]
    arg [-lgcc_s] ==> lib [gcc_s]
    arg [-lgcc] ==> lib [gcc]
    arg [/usr/lib/gcc/i686-linux-gnu/6/crtend.o] ==> ignore
    arg [/usr/lib/gcc/i686-linux-gnu/6/../../../i386-linux-gnu/crtn.o] ==> ignore
  remove lib [gcc_s]
  remove lib [gcc]
  remove lib [gcc_s]
  remove lib [gcc]
  collapse library dir [/usr/lib/gcc/i686-linux-gnu/6] ==> [/usr/lib/gcc/i686-linux-gnu/6]
  collapse library dir [/usr/lib/gcc/i686-linux-gnu/6/../../../i386-linux-gnu] ==> [/usr/lib/i386-linux-gnu]
  collapse library dir [/usr/lib/gcc/i686-linux-gnu/6/../../../../lib] ==> [/usr/lib]
  collapse library dir [/lib/i386-linux-gnu] ==> [/lib/i386-linux-gnu]
  collapse library dir [/lib/../lib] ==> [/lib]
  collapse library dir [/usr/lib/i386-linux-gnu] ==> [/usr/lib/i386-linux-gnu]
  collapse library dir [/usr/lib/../lib] ==> [/usr/lib]
  collapse library dir [/usr/lib/gcc/i686-linux-gnu/6/../../..] ==> [/usr/lib]
  implicit libs: [stdc++;m;c]
  implicit dirs: [/usr/lib/gcc/i686-linux-gnu/6;/usr/lib/i386-linux-gnu;/usr/lib;/lib/i386-linux-gnu;/lib]
  implicit fwks: []




Detecting CXX [-std=c++14] compiler features compiled with the following output:
Change Dir: /home/blid/dev/cpc-wrapper/cmake-build-debug/CMakeFiles/CMakeTmp

Run Build Command:"/usr/bin/make" "cmTC_dc137/fast"
/usr/bin/make -f CMakeFiles/cmTC_dc137.dir/build.make CMakeFiles/cmTC_dc137.dir/build
make[1]: Entering directory '/home/blid/dev/cpc-wrapper/cmake-build-debug/CMakeFiles/CMakeTmp'
Building CXX object CMakeFiles/cmTC_dc137.dir/feature_tests.cxx.o
/usr/bin/c++     -std=c++14 -o CMakeFiles/cmTC_dc137.dir/feature_tests.cxx.o -c /home/blid/dev/cpc-wrapper/cmake-build-debug/CMakeFiles/feature_tests.cxx
Linking CXX executable cmTC_dc137
/usr/bin/cmake -E cmake_link_script CMakeFiles/cmTC_dc137.dir/link.txt --verbose=1
/usr/bin/c++        CMakeFiles/cmTC_dc137.dir/feature_tests.cxx.o  -o cmTC_dc137 -rdynamic 
make[1]: Leaving directory '/home/blid/dev/cpc-wrapper/cmake-build-debug/CMakeFiles/CMakeTmp'


    Feature record: CXX_FEATURE:1cxx_aggregate_default_initializers
    Feature record: CXX_FEATURE:1cxx_alias_templates
    Feature record: CXX_FEATURE:1cxx_alignas
    Feature record: CXX_FEATURE:1cxx_alignof
    Feature record: CXX_FEATURE:1cxx_attributes
    Feature record: CXX_FEATURE:1cxx_attribute_deprecated
    Feature record: CXX_FEATURE:1cxx_auto_type
    Feature record: CXX_FEATURE:1cxx_binary_literals
    Feature record: CXX_FEATURE:1cxx_constexpr
    Feature record: CXX_FEATURE:1cxx_contextual_conversions
    Feature record: CXX_FEATURE:1cxx_decltype
    Feature record: CXX_FEATURE:1cxx_decltype_auto
    Feature record: CXX_FEATURE:1cxx_decltype_incomplete_return_types
    Feature record: CXX_FEATURE:1cxx_default_function_template_args
    Feature record: CXX_FEATURE:1cxx_defaulted_functions
    Feature record: CXX_FEATURE:1cxx_defaulted_move_initializers
    Feature record: CXX_FEATURE:1cxx_delegating_constructors
    Feature record: CXX_FEATURE:1cxx_deleted_functions
    Feature record: CXX_FEATURE:1cxx_digit_separators
    Feature record: CXX_FEATURE:1cxx_enum_forward_declarations
    Feature record: CXX_FEATURE:1cxx_explicit_conversions
    Feature record: CXX_FEATURE:1cxx_extended_friend_declarations
    Feature record: CXX_FEATURE:1cxx_extern_templates
    Feature record: CXX_FEATURE:1cxx_final
    Feature record: CXX_FEATURE:1cxx_func_identifier
    Feature record: CXX_FEATURE:1cxx_generalized_initializers
    Feature record: CXX_FEATURE:1cxx_generic_lambdas
    Feature record: CXX_FEATURE:1cxx_inheriting_constructors
    Feature record: CXX_FEATURE:1cxx_inline_namespaces
    Feature record: CXX_FEATURE:1cxx_lambdas
    Feature record: CXX_FEATURE:1cxx_lambda_init_captures
    Feature record: CXX_FEATURE:1cxx_local_type_template_args
    Feature record: CXX_FEATURE:1cxx_long_long_type
    Feature record: CXX_FEATURE:1cxx_noexcept
    Feature record: CXX_FEATURE:1cxx_nonstatic_member_init
    Feature record: CXX_FEATURE:1cxx_nullptr
    Feature record: CXX_FEATURE:1cxx_override
    Feature record: CXX_FEATURE:1cxx_range_for
    Feature record: CXX_FEATURE:1cxx_raw_string_literals
    Feature record: CXX_FEATURE:1cxx_reference_qualified_functions
    Feature record: CXX_FEATURE:1cxx_relaxed_constexpr
    Feature record: CXX_FEATURE:1cxx_return_type_deduction
    Feature record: CXX_FEATURE:1cxx_right_angle_brackets
    Feature record: CXX_FEATURE:1cxx_rvalue_references
    Feature record: CXX_FEATURE:1cxx_sizeof_member
    Feature record: CXX_FEATURE:1cxx_static_assert
    Feature record: CXX_FEATURE:1cxx_strong_enums
    Feature record: CXX_FEATURE:1cxx_template_template_parameters
    Feature record: CXX_FEATURE:1cxx_thread_local
    Feature record: CXX_FEATURE:1cxx_trailing_return_types
    Feature record: CXX_FEATURE:1cxx_unicode_literals
    Feature record: CXX_FEATURE:1cxx_uniform_initialization
    Feature record: CXX_FEATURE:1cxx_unrestricted_unions
    Feature record: CXX_FEATURE:1cxx_user_literals
    Feature record: CXX_FEATURE:1cxx_variable_templates
    Feature record: CXX_FEATURE:1cxx_variadic_macros
    Feature record: CXX_FEATURE:1cxx_variadic_templates


Detecting CXX [-std=c++11] compiler features compiled with the following output:
Change Dir: /home/blid/dev/cpc-wrapper/cmake-build-debug/CMakeFiles/CMakeTmp

Run Build Command:"/usr/bin/make" "cmTC_d580d/fast"
/usr/bin/make -f CMakeFiles/cmTC_d580d.dir/build.make CMakeFiles/cmTC_d580d.dir/build
make[1]: Entering directory '/home/blid/dev/cpc-wrapper/cmake-build-debug/CMakeFiles/CMakeTmp'
Building CXX object CMakeFiles/cmTC_d580d.dir/feature_tests.cxx.o
/usr/bin/c++     -std=c++11 -o CMakeFiles/cmTC_d580d.dir/feature_tests.cxx.o -c /home/blid/dev/cpc-wrapper/cmake-build-debug/CMakeFiles/feature_tests.cxx
Linking CXX executable cmTC_d580d
/usr/bin/cmake -E cmake_link_script CMakeFiles/cmTC_d580d.dir/link.txt --verbose=1
/usr/bin/c++        CMakeFiles/cmTC_d580d.dir/feature_tests.cxx.o  -o cmTC_d580d -rdynamic 
make[1]: Leaving directory '/home/blid/dev/cpc-wrapper/cmake-build-debug/CMakeFiles/CMakeTmp'


    Feature record: CXX_FEATURE:0cxx_aggregate_default_initializers
    Feature record: CXX_FEATURE:1cxx_alias_templates
    Feature record: CXX_FEATURE:1cxx_alignas
    Feature record: CXX_FEATURE:1cxx_alignof
    Feature record: CXX_FEATURE:1cxx_attributes
    Feature record: CXX_FEATURE:0cxx_attribute_deprecated
    Feature record: CXX_FEATURE:1cxx_auto_type
    Feature record: CXX_FEATURE:0cxx_binary_literals
    Feature record: CXX_FEATURE:1cxx_constexpr
    Feature record: CXX_FEATURE:0cxx_contextual_conversions
    Feature record: CXX_FEATURE:1cxx_decltype
    Feature record: CXX_FEATURE:0cxx_decltype_auto
    Feature record: CXX_FEATURE:1cxx_decltype_incomplete_return_types
    Feature record: CXX_FEATURE:1cxx_default_function_template_args
    Feature record: CXX_FEATURE:1cxx_defaulted_functions
    Feature record: CXX_FEATURE:1cxx_defaulted_move_initializers
    Feature record: CXX_FEATURE:1cxx_delegating_constructors
    Feature record: CXX_FEATURE:1cxx_deleted_functions
    Feature record: CXX_FEATURE:0cxx_digit_separators
    Feature record: CXX_FEATURE:1cxx_enum_forward_declarations
    Feature record: CXX_FEATURE:1cxx_explicit_conversions
    Feature record: CXX_FEATURE:1cxx_extended_friend_declarations
    Feature record: CXX_FEATURE:1cxx_extern_templates
    Feature record: CXX_FEATURE:1cxx_final
    Feature record: CXX_FEATURE:1cxx_func_identifier
    Feature record: CXX_FEATURE:1cxx_generalized_initializers
    Feature record: CXX_FEATURE:0cxx_generic_lambdas
    Feature record: CXX_FEATURE:1cxx_inheriting_constructors
    Feature record: CXX_FEATURE:1cxx_inline_namespaces
    Feature record: CXX_FEATURE:1cxx_lambdas
    Feature record: CXX_FEATURE:0cxx_lambda_init_captures
    Feature record: CXX_FEATURE:1cxx_local_type_template_args
    Feature record: CXX_FEATURE:1cxx_long_long_type
    Feature record: CXX_FEATURE:1cxx_noexcept
    Feature record: CXX_FEATURE:1cxx_nonstatic_member_init
    Feature record: CXX_FEATURE:1cxx_nullptr
    Feature record: CXX_FEATURE:1cxx_override
    Feature record: CXX_FEATURE:1cxx_range_for
    Feature record: CXX_FEATURE:1cxx_raw_string_literals
    Feature record: CXX_FEATURE:1cxx_reference_qualified_functions
    Feature record: CXX_FEATURE:0cxx_relaxed_constexpr
    Feature record: CXX_FEATURE:0cxx_return_type_deduction
    Feature record: CXX_FEATURE:1cxx_right_angle_brackets
    Feature record: CXX_FEATURE:1cxx_rvalue_references
    Feature record: CXX_FEATURE:1cxx_sizeof_member
    Feature record: CXX_FEATURE:1cxx_static_assert
    Feature record: CXX_FEATURE:1cxx_strong_enums
    Feature record: CXX_FEATURE:1cxx_template_template_parameters
    Feature record: CXX_FEATURE:1cxx_thread_local
    Feature record: CXX_FEATURE:1cxx_trailing_return_types
    Feature record: CXX_FEATURE:1cxx_unicode_literals
    Feature record: CXX_FEATURE:1cxx_uniform_initialization
    Feature record: CXX_FEATURE:1cxx_unrestricted_unions
    Feature record: CXX_FEATURE:1cxx_user_literals
    Feature record: CXX_FEATURE:0cxx_variable_templates
    Feature record: CXX_FEATURE:1cxx_variadic_macros
    Feature record: CXX_FEATURE:1cxx_variadic_templates


Detecting CXX [-std=c++98] compiler features compiled with the following output:
Change Dir: /home/blid/dev/cpc-wrapper/cmake-build-debug/CMakeFiles/CMakeTmp

Run Build Command:"/usr/bin/make" "cmTC_299d0/fast"
/usr/bin/make -f CMakeFiles/cmTC_299d0.dir/build.make CMakeFiles/cmTC_299d0.dir/build
make[1]: Entering directory '/home/blid/dev/cpc-wrapper/cmake-build-debug/CMakeFiles/CMakeTmp'
Building CXX object CMakeFiles/cmTC_299d0.dir/feature_tests.cxx.o
/usr/bin/c++     -std=c++98 -o CMakeFiles/cmTC_299d0.dir/feature_tests.cxx.o -c /home/blid/dev/cpc-wrapper/cmake-build-debug/CMakeFiles/feature_tests.cxx
Linking CXX executable cmTC_299d0
/usr/bin/cmake -E cmake_link_script CMakeFiles/cmTC_299d0.dir/link.txt --verbose=1
/usr/bin/c++        CMakeFiles/cmTC_299d0.dir/feature_tests.cxx.o  -o cmTC_299d0 -rdynamic 
make[1]: Leaving directory '/home/blid/dev/cpc-wrapper/cmake-build-debug/CMakeFiles/CMakeTmp'


    Feature record: CXX_FEATURE:0cxx_aggregate_default_initializers
    Feature record: CXX_FEATURE:0cxx_alias_templates
    Feature record: CXX_FEATURE:0cxx_alignas
    Feature record: CXX_FEATURE:0cxx_alignof
    Feature record: CXX_FEATURE:0cxx_attributes
    Feature record: CXX_FEATURE:0cxx_attribute_deprecated
    Feature record: CXX_FEATURE:0cxx_auto_type
    Feature record: CXX_FEATURE:0cxx_binary_literals
    Feature record: CXX_FEATURE:0cxx_constexpr
    Feature record: CXX_FEATURE:0cxx_contextual_conversions
    Feature record: CXX_FEATURE:0cxx_decltype
    Feature record: CXX_FEATURE:0cxx_decltype_auto
    Feature record: CXX_FEATURE:0cxx_decltype_incomplete_return_types
    Feature record: CXX_FEATURE:0cxx_default_function_template_args
    Feature record: CXX_FEATURE:0cxx_defaulted_functions
    Feature record: CXX_FEATURE:0cxx_defaulted_move_initializers
    Feature record: CXX_FEATURE:0cxx_delegating_constructors
    Feature record: CXX_FEATURE:0cxx_deleted_functions
    Feature record: CXX_FEATURE:0cxx_digit_separators
    Feature record: CXX_FEATURE:0cxx_enum_forward_declarations
    Feature record: CXX_FEATURE:0cxx_explicit_conversions
    Feature record: CXX_FEATURE:0cxx_extended_friend_declarations
    Feature record: CXX_FEATURE:0cxx_extern_templates
    Feature record: CXX_FEATURE:0cxx_final
    Feature record: CXX_FEATURE:0cxx_func_identifier
    Feature record: CXX_FEATURE:0cxx_generalized_initializers
    Feature record: CXX_FEATURE:0cxx_generic_lambdas
    Feature record: CXX_FEATURE:0cxx_inheriting_constructors
    Feature record: CXX_FEATURE:0cxx_inline_namespaces
    Feature record: CXX_FEATURE:0cxx_lambdas
    Feature record: CXX_FEATURE:0cxx_lambda_init_captures
    Feature record: CXX_FEATURE:0cxx_local_type_template_args
    Feature record: CXX_FEATURE:0cxx_long_long_type
    Feature record: CXX_FEATURE:0cxx_noexcept
    Feature record: CXX_FEATURE:0cxx_nonstatic_member_init
    Feature record: CXX_FEATURE:0cxx_nullptr
    Feature record: CXX_FEATURE:0cxx_override
    Feature record: CXX_FEATURE:0cxx_range_for
    Feature record: CXX_FEATURE:0cxx_raw_string_literals
    Feature record: CXX_FEATURE:0cxx_reference_qualified_functions
    Feature record: CXX_FEATURE:0cxx_relaxed_constexpr
    Feature record: CXX_FEATURE:0cxx_return_type_deduction
    Feature record: CXX_FEATURE:0cxx_right_angle_brackets
    Feature record: CXX_FEATURE:0cxx_rvalue_references
    Feature record: CXX_FEATURE:0cxx_sizeof_member
    Feature record: CXX_FEATURE:0cxx_static_assert
    Feature record: CXX_FEATURE:0cxx_strong_enums
    Feature record: CXX_FEATURE:1cxx_template_template_parameters
    Feature record: CXX_FEATURE:0cxx_thread_local
    Feature record: CXX_FEATURE:0cxx_trailing_return_types
    Feature record: CXX_FEATURE:0cxx_unicode_literals
    Feature record: CXX_FEATURE:0cxx_uniform_initialization
    Feature record: CXX_FEATURE:0cxx_unrestricted_unions
    Feature record: CXX_FEATURE:0cxx_user_literals
    Feature record: CXX_FEATURE:0cxx_variable_templates
    Feature record: CXX_FEATURE:0cxx_variadic_macros
    Feature record: CXX_FEATURE:0cxx_variadic_templates
Determining if the C compiler works passed with the following output:
Change Dir: /home/blid/dev/cpc-wrapper/cmake-build-debug/CMakeFiles/CMakeTmp

Run Build Command:"/usr/bin/make" "cmTC_8a990/fast"
/usr/bin/make -f CMakeFiles/cmTC_8a990.dir/build.make CMakeFiles/cmTC_8a990.dir/build
make[1]: Entering directory '/home/blid/dev/cpc-wrapper/cmake-build-debug/CMakeFiles/CMakeTmp'
Building C object CMakeFiles/cmTC_8a990.dir/testCCompiler.c.o
/usr/bin/cc     -o CMakeFiles/cmTC_8a990.dir/testCCompiler.c.o   -c /home/blid/dev/cpc-wrapper/cmake-build-debug/CMakeFiles/CMakeTmp/testCCompiler.c
Linking C executable cmTC_8a990
/usr/bin/cmake -E cmake_link_script CMakeFiles/cmTC_8a990.dir/link.txt --verbose=1
/usr/bin/cc       CMakeFiles/cmTC_8a990.dir/testCCompiler.c.o  -o cmTC_8a990 -rdynamic 
make[1]: Leaving directory '/home/blid/dev/cpc-wrapper/cmake-build-debug/CMakeFiles/CMakeTmp'


Detecting C compiler ABI info compiled with the following output:
Change Dir: /home/blid/dev/cpc-wrapper/cmake-build-debug/CMakeFiles/CMakeTmp

Run Build Command:"/usr/bin/make" "cmTC_2626d/fast"
/usr/bin/make -f CMakeFiles/cmTC_2626d.dir/build.make CMakeFiles/cmTC_2626d.dir/build
make[1]: Entering directory '/home/blid/dev/cpc-wrapper/cmake-build-debug/CMakeFiles/CMakeTmp'
Building C object CMakeFiles/cmTC_2626d.dir/CMakeCCompilerABI.c.o
/usr/bin/cc     -o CMakeFiles/cmTC_2626d.dir/CMakeCCompilerABI.c.o   -c /usr/share/cmake-3.7/Modules/CMakeCCompilerABI.c
Linking C executable cmTC_2626d
/usr/bin/cmake -E cmake_link_script CMakeFiles/cmTC_2626d.dir/link.txt --verbose=1
/usr/bin/cc      -v CMakeFiles/cmTC_2626d.dir/CMakeCCompilerABI.c.o  -o cmTC_2626d -rdynamic  
Using built-in specs.
COLLECT_GCC=/usr/bin/cc
COLLECT_LTO_WRAPPER=/usr/lib/gcc/i686-linux-gnu/6/lto-wrapper
Target: i686-linux-gnu
Configured with: ../src/configure -v --with-pkgversion='Ubuntu 6.3.0-12ubuntu2' --with-bugurl=file:///usr/share/doc/gcc-6/README.Bugs --enable-languages=c,ada,c++,java,go,d,fortran,objc,obj-c++ --prefix=/usr --program-suffix=-6 --program-prefix=i686-linux-gnu- --enable-shared --enable-linker-build-id --libexecdir=/usr/lib --without-included-gettext --enable-threads=posix --libdir=/usr/lib --enable-nls --with-sysroot=/ --enable-clocale=gnu --enable-libstdcxx-debug --enable-libstdcxx-time=yes --with-default-libstdcxx-abi=new --enable-gnu-unique-object --disable-vtable-verify --enable-libmpx --enable-plugin --with-system-zlib --disable-browser-plugin --enable-java-awt=gtk --enable-gtk-cairo --with-java-home=/usr/lib/jvm/java-1.5.0-gcj-6-i386/jre --enable-java-home --with-jvm-root-dir=/usr/lib/jvm/java-1.5.0-gcj-6-i386 --with-jvm-jar-dir=/usr/lib/jvm-exports/java-1.5.0-gcj-6-i386 --with-arch-directory=i386 --with-ecj-jar=/usr/share/java/eclipse-ecj.jar --with-target-system-zlib --enable-objc-gc=auto --enable-targets=all --enable-multiarch --disable-werror --with-arch-32=i686 --with-multilib-list=m32,m64,mx32 --enable-multilib --with-tune=generic --enable-checking=release --build=i686-linux-gnu --host=i686-linux-gnu --target=i686-linux-gnu
Thread model: posix
gcc version 6.3.0 20170406 (Ubuntu 6.3.0-12ubuntu2) 
COMPILER_PATH=/usr/lib/gcc/i686-linux-gnu/6/:/usr/lib/gcc/i686-linux-gnu/6/:/usr/lib/gcc/i686-linux-gnu/:/usr/lib/gcc/i686-linux-gnu/6/:/usr/lib/gcc/i686-linux-gnu/
LIBRARY_PATH=/usr/lib/gcc/i686-linux-gnu/6/:/usr/lib/gcc/i686-linux-gnu/6/../../../i386-linux-gnu/:/usr/lib/gcc/i686-linux-gnu/6/../../../../lib/:/lib/i386-linux-gnu/:/lib/../lib/:/usr/lib/i386-linux-gnu/:/usr/lib/../lib/:/usr/lib/gcc/i686-linux-gnu/6/../../../:/lib/:/usr/lib/
COLLECT_GCC_OPTIONS='-v' '-o' 'cmTC_2626d' '-rdynamic' '-mtune=generic' '-march=i686'
 /usr/lib/gcc/i686-linux-gnu/6/collect2 -plugin /usr/lib/gcc/i686-linux-gnu/6/liblto_plugin.so -plugin-opt=/usr/lib/gcc/i686-linux-gnu/6/lto-wrapper -plugin-opt=-fresolution=/tmp/ccjmR9o8.res -plugin-opt=-pass-through=-lgcc -plugin-opt=-pass-through=-lgcc_s -plugin-opt=-pass-through=-lc -plugin-opt=-pass-through=-lgcc -plugin-opt=-pass-through=-lgcc_s --sysroot=/ --build-id --eh-frame-hdr -m elf_i386 --hash-style=gnu --as-needed -export-dynamic -dynamic-linker /lib/ld-linux.so.2 -z relro -o cmTC_2626d /usr/lib/gcc/i686-linux-gnu/6/../../../i386-linux-gnu/crt1.o /usr/lib/gcc/i686-linux-gnu/6/../../../i386-linux-gnu/crti.o /usr/lib/gcc/i686-linux-gnu/6/crtbegin.o -L/usr/lib/gcc/i686-linux-gnu/6 -L/usr/lib/gcc/i686-linux-gnu/6/../../../i386-linux-gnu -L/usr/lib/gcc/i686-linux-gnu/6/../../../../lib -L/lib/i386-linux-gnu -L/lib/../lib -L/usr/lib/i386-linux-gnu -L/usr/lib/../lib -L/usr/lib/gcc/i686-linux-gnu/6/../../.. CMakeFiles/cmTC_2626d.dir/CMakeCCompilerABI.c.o -lgcc --as-needed -lgcc_s --no-as-needed -lc -lgcc --as-needed -lgcc_s --no-as-needed /usr/lib/gcc/i686-linux-gnu/6/crtend.o /usr/lib/gcc/i686-linux-gnu/6/../../../i386-linux-gnu/crtn.o
COLLECT_GCC_OPTIONS='-v' '-o' 'cmTC_2626d' '-rdynamic' '-mtune=generic' '-march=i686'
make[1]: Leaving directory '/home/blid/dev/cpc-wrapper/cmake-build-debug/CMakeFiles/CMakeTmp'


Parsed C implicit link information from above output:
  link line regex: [^( *|.*[/\])(ld|([^/\]+-)?ld|collect2)[^/\]*( |$)]
  ignore line: [Change Dir: /home/blid/dev/cpc-wrapper/cmake-build-debug/CMakeFiles/CMakeTmp]
  ignore line: []
  ignore line: [Run Build Command:"/usr/bin/make" "cmTC_2626d/fast"]
  ignore line: [/usr/bin/make -f CMakeFiles/cmTC_2626d.dir/build.make CMakeFiles/cmTC_2626d.dir/build]
  ignore line: [make[1]: Entering directory '/home/blid/dev/cpc-wrapper/cmake-build-debug/CMakeFiles/CMakeTmp']
  ignore line: [Building C object CMakeFiles/cmTC_2626d.dir/CMakeCCompilerABI.c.o]
  ignore line: [/usr/bin/cc     -o CMakeFiles/cmTC_2626d.dir/CMakeCCompilerABI.c.o   -c /usr/share/cmake-3.7/Modules/CMakeCCompilerABI.c]
  ignore line: [Linking C executable cmTC_2626d]
  ignore line: [/usr/bin/cmake -E cmake_link_script CMakeFiles/cmTC_2626d.dir/link.txt --verbose=1]
  ignore line: [/usr/bin/cc      -v CMakeFiles/cmTC_2626d.dir/CMakeCCompilerABI.c.o  -o cmTC_2626d -rdynamic  ]
  ignore line: [Using built-in specs.]
  ignore line: [COLLECT_GCC=/usr/bin/cc]
  ignore line: [COLLECT_LTO_WRAPPER=/usr/lib/gcc/i686-linux-gnu/6/lto-wrapper]
  ignore line: [Target: i686-linux-gnu]
  ignore line: [Configured with: ../src/configure -v --with-pkgversion='Ubuntu 6.3.0-12ubuntu2' --with-bugurl=file:///usr/share/doc/gcc-6/README.Bugs --enable-languages=c,ada,c++,java,go,d,fortran,objc,obj-c++ --prefix=/usr --program-suffix=-6 --program-prefix=i686-linux-gnu- --enable-shared --enable-linker-build-id --libexecdir=/usr/lib --without-included-gettext --enable-threads=posix --libdir=/usr/lib --enable-nls --with-sysroot=/ --enable-clocale=gnu --enable-libstdcxx-debug --enable-libstdcxx-time=yes --with-default-libstdcxx-abi=new --enable-gnu-unique-object --disable-vtable-verify --enable-libmpx --enable-plugin --with-system-zlib --disable-browser-plugin --enable-java-awt=gtk --enable-gtk-cairo --with-java-home=/usr/lib/jvm/java-1.5.0-gcj-6-i386/jre --enable-java-home --with-jvm-root-dir=/usr/lib/jvm/java-1.5.0-gcj-6-i386 --with-jvm-jar-dir=/usr/lib/jvm-exports/java-1.5.0-gcj-6-i386 --with-arch-directory=i386 --with-ecj-jar=/usr/share/java/eclipse-ecj.jar --with-target-system-zlib --enable-objc-gc=auto --enable-targets=all --enable-multiarch --disable-werror --with-arch-32=i686 --with-multilib-list=m32,m64,mx32 --enable-multilib --with-tune=generic --enable-checking=release --build=i686-linux-gnu --host=i686-linux-gnu --target=i686-linux-gnu]
  ignore line: [Thread model: posix]
  ignore line: [gcc version 6.3.0 20170406 (Ubuntu 6.3.0-12ubuntu2) ]
  ignore line: [COMPILER_PATH=/usr/lib/gcc/i686-linux-gnu/6/:/usr/lib/gcc/i686-linux-gnu/6/:/usr/lib/gcc/i686-linux-gnu/:/usr/lib/gcc/i686-linux-gnu/6/:/usr/lib/gcc/i686-linux-gnu/]
  ignore line: [LIBRARY_PATH=/usr/lib/gcc/i686-linux-gnu/6/:/usr/lib/gcc/i686-linux-gnu/6/../../../i386-linux-gnu/:/usr/lib/gcc/i686-linux-gnu/6/../../../../lib/:/lib/i386-linux-gnu/:/lib/../lib/:/usr/lib/i386-linux-gnu/:/usr/lib/../lib/:/usr/lib/gcc/i686-linux-gnu/6/../../../:/lib/:/usr/lib/]
  ignore line: [COLLECT_GCC_OPTIONS='-v' '-o' 'cmTC_2626d' '-rdynamic' '-mtune=generic' '-march=i686']
  link line: [ /usr/lib/gcc/i686-linux-gnu/6/collect2 -plugin /usr/lib/gcc/i686-linux-gnu/6/liblto_plugin.so -plugin-opt=/usr/lib/gcc/i686-linux-gnu/6/lto-wrapper -plugin-opt=-fresolution=/tmp/ccjmR9o8.res -plugin-opt=-pass-through=-lgcc -plugin-opt=-pass-through=-lgcc_s -plugin-opt=-pass-through=-lc -plugin-opt=-pass-through=-lgcc -plugin-opt=-pass-through=-lgcc_s --sysroot=/ --build-id --eh-frame-hdr -m elf_i386 --hash-style=gnu --as-needed -export-dynamic -dynamic-linker /lib/ld-linux.so.2 -z relro -o cmTC_2626d /usr/lib/gcc/i686-linux-gnu/6/../../../i386-linux-gnu/crt1.o /usr/lib/gcc/i686-linux-gnu/6/../../../i386-linux-gnu/crti.o /usr/lib/gcc/i686-linux-gnu/6/crtbegin.o -L/usr/lib/gcc/i686-linux-gnu/6 -L/usr/lib/gcc/i686-linux-gnu/6/../../../i386-linux-gnu -L/usr/lib/gcc/i686-linux-gnu/6/../../../../lib -L/lib/i386-linux-gnu -L/lib/../lib -L/usr/lib/i386-linux-gnu -L/usr/lib/../lib -L/usr/lib/gcc/i686-linux-gnu/6/../../.. CMakeFiles/cmTC_2626d.dir/CMakeCCompilerABI.c.o -lgcc --as-needed -lgcc_s --no-as-needed -lc -lgcc --as-needed -lgcc_s --no-as-needed /usr/lib/gcc/i686-linux-gnu/6/crtend.o /usr/lib/gcc/i686-linux-gnu/6/../../../i386-linux-gnu/crtn.o]
    arg [/usr/lib/gcc/i686-linux-gnu/6/collect2] ==> ignore
    arg [-plugin] ==> ignore
    arg [/usr/lib/gcc/i686-linux-gnu/6/liblto_plugin.so] ==> ignore
    arg [-plugin-opt=/usr/lib/gcc/i686-linux-gnu/6/lto-wrapper] ==> ignore
    arg [-plugin-opt=-fresolution=/tmp/ccjmR9o8.res] ==> ignore
    arg [-plugin-opt=-pass-through=-lgcc] ==> ignore
    arg [-plugin-opt=-pass-through=-lgcc_s] ==> ignore
    arg [-plugin-opt=-pass-through=-lc] ==> ignore
    arg [-plugin-opt=-pass-through=-lgcc] ==> ignore
    arg [-plugin-opt=-pass-through=-lgcc_s] ==> ignore
    arg [--sysroot=/] ==> ignore
    arg [--build-id] ==> ignore
    arg [--eh-frame-hdr] ==> ignore
    arg [-m] ==> ignore
    arg [elf_i386] ==> ignore
    arg [--hash-style=gnu] ==> ignore
    arg [--as-needed] ==> ignore
    arg [-export-dynamic] ==> ignore
    arg [-dynamic-linker] ==> ignore
    arg [/lib/ld-linux.so.2] ==> ignore
    arg [-zrelro] ==> ignore
    arg [-o] ==> ignore
    arg [cmTC_2626d] ==> ignore
    arg [/usr/lib/gcc/i686-linux-gnu/6/../../../i386-linux-gnu/crt1.o] ==> ignore
    arg [/usr/lib/gcc/i686-linux-gnu/6/../../../i386-linux-gnu/crti.o] ==> ignore
    arg [/usr/lib/gcc/i686-linux-gnu/6/crtbegin.o] ==> ignore
    arg [-L/usr/lib/gcc/i686-linux-gnu/6] ==> dir [/usr/lib/gcc/i686-linux-gnu/6]
    arg [-L/usr/lib/gcc/i686-linux-gnu/6/../../../i386-linux-gnu] ==> dir [/usr/lib/gcc/i686-linux-gnu/6/../../../i386-linux-gnu]
    arg [-L/usr/lib/gcc/i686-linux-gnu/6/../../../../lib] ==> dir [/usr/lib/gcc/i686-linux-gnu/6/../../../../lib]
    arg [-L/lib/i386-linux-gnu] ==> dir [/lib/i386-linux-gnu]
    arg [-L/lib/../lib] ==> dir [/lib/../lib]
    arg [-L/usr/lib/i386-linux-gnu] ==> dir [/usr/lib/i386-linux-gnu]
    arg [-L/usr/lib/../lib] ==> dir [/usr/lib/../lib]
    arg [-L/usr/lib/gcc/i686-linux-gnu/6/../../..] ==> dir [/usr/lib/gcc/i686-linux-gnu/6/../../..]
    arg [CMakeFiles/cmTC_2626d.dir/CMakeCCompilerABI.c.o] ==> ignore
    arg [-lgcc] ==> lib [gcc]
    arg [--as-needed] ==> ignore
    arg [-lgcc_s] ==> lib [gcc_s]
    arg [--no-as-needed] ==> ignore
    arg [-lc] ==> lib [c]
    arg [-lgcc] ==> lib [gcc]
    arg [--as-needed] ==> ignore
    arg [-lgcc_s] ==> lib [gcc_s]
    arg [--no-as-needed] ==> ignore
    arg [/usr/lib/gcc/i686-linux-gnu/6/crtend.o] ==> ignore
    arg [/usr/lib/gcc/i686-linux-gnu/6/../../../i386-linux-gnu/crtn.o] ==> ignore
  remove lib [gcc]
  remove lib [gcc_s]
  remove lib [gcc]
  remove lib [gcc_s]
  collapse library dir [/usr/lib/gcc/i686-linux-gnu/6] ==> [/usr/lib/gcc/i686-linux-gnu/6]
  collapse library dir [/usr/lib/gcc/i686-linux-gnu/6/../../../i386-linux-gnu] ==> [/usr/lib/i386-linux-gnu]
  collapse library dir [/usr/lib/gcc/i686-linux-gnu/6/../../../../lib] ==> [/usr/lib]
  collapse library dir [/lib/i386-linux-gnu] ==> [/lib/i386-linux-gnu]
  collapse library dir [/lib/../lib] ==> [/lib]
  collapse library dir [/usr/lib/i386-linux-gnu] ==> [/usr/lib/i386-linux-gnu]
  collapse library dir [/usr/lib/../lib] ==> [/usr/lib]
  collapse library dir [/usr/lib/gcc/i686-linux-gnu/6/../../..] ==> [/usr/lib]
  implicit libs: [c]
  implicit dirs: [/usr/lib/gcc/i686-linux-gnu/6;/usr/lib/i386-linux-gnu;/usr/lib;/lib/i386-linux-gnu;/lib]
  implicit fwks: []




Detecting C [-std=c11] compiler features compiled with the following output:
Change Dir: /home/blid/dev/cpc-wrapper/cmake-build-debug/CMakeFiles/CMakeTmp

Run Build Command:"/usr/bin/make" "cmTC_26315/fast"
/usr/bin/make -f CMakeFiles/cmTC_26315.dir/build.make CMakeFiles/cmTC_26315.dir/build
make[1]: Entering directory '/home/blid/dev/cpc-wrapper/cmake-build-debug/CMakeFiles/CMakeTmp'
Building C object CMakeFiles/cmTC_26315.dir/feature_tests.c.o
/usr/bin/cc    -std=c11 -o CMakeFiles/cmTC_26315.dir/feature_tests.c.o   -c /home/blid/dev/cpc-wrapper/cmake-build-debug/CMakeFiles/feature_tests.c
Linking C executable cmTC_26315
/usr/bin/cmake -E cmake_link_script CMakeFiles/cmTC_26315.dir/link.txt --verbose=1
/usr/bin/cc       CMakeFiles/cmTC_26315.dir/feature_tests.c.o  -o cmTC_26315 -rdynamic 
make[1]: Leaving directory '/home/blid/dev/cpc-wrapper/cmake-build-debug/CMakeFiles/CMakeTmp'


    Feature record: C_FEATURE:1c_function_prototypes
    Feature record: C_FEATURE:1c_restrict
    Feature record: C_FEATURE:1c_static_assert
    Feature record: C_FEATURE:1c_variadic_macros


Detecting C [-std=c99] compiler features compiled with the following output:
Change Dir: /home/blid/dev/cpc-wrapper/cmake-build-debug/CMakeFiles/CMakeTmp

Run Build Command:"/usr/bin/make" "cmTC_eadf4/fast"
/usr/bin/make -f CMakeFiles/cmTC_eadf4.dir/build.make CMakeFiles/cmTC_eadf4.dir/build
make[1]: Entering directory '/home/blid/dev/cpc-wrapper/cmake-build-debug/CMakeFiles/CMakeTmp'
Building C object CMakeFiles/cmTC_eadf4.dir/feature_tests.c.o
/usr/bin/cc    -std=c99 -o CMakeFiles/cmTC_eadf4.dir/feature_tests.c.o   -c /home/blid/dev/cpc-wrapper/cmake-build-debug/CMakeFiles/feature_tests.c
Linking C executable cmTC_eadf4
/usr/bin/cmake -E cmake_link_script CMakeFiles/cmTC_eadf4.dir/link.txt --verbose=1
/usr/bin/cc       CMakeFiles/cmTC_eadf4.dir/feature_tests.c.o  -o cmTC_eadf4 -rdynamic 
make[1]: Leaving directory '/home/blid/dev/cpc-wrapper/cmake-build-debug/CMakeFiles/CMakeTmp'


    Feature record: C_FEATURE:1c_function_prototypes
    Feature record: C_FEATURE:1c_restrict
    Feature record: C_FEATURE:0c_static_assert
    Feature record: C_FEATURE:1c_variadic_macros


Detecting C [-std=c90] compiler features compiled with the following output:
Change Dir: /home/blid/dev/cpc-wrapper/cmake-build-debug/CMakeFiles/CMakeTmp

Run Build Command:"/usr/bin/make" "cmTC_92c34/fast"
/usr/bin/make -f CMakeFiles/cmTC_92c34.dir/build.make CMakeFiles/cmTC_92c34.dir/build
make[1]: Entering directory '/home/blid/dev/cpc-wrapper/cmake-build-debug/CMakeFiles/CMakeTmp'
Building C object CMakeFiles/cmTC_92c34.dir/feature_tests.c.o
/usr/bin/cc    -std=c90 -o CMakeFiles/cmTC_92c34.dir/feature_tests.c.o   -c /home/blid/dev/cpc-wrapper/cmake-build-debug/CMakeFiles/feature_tests.c
Linking C executable cmTC_92c34
/usr/bin/cmake -E cmake_link_script CMakeFiles/cmTC_92c34.dir/link.txt --verbose=1
/usr/bin/cc       CMakeFiles/cmTC_92c34.dir/feature_tests.c.o  -o cmTC_92c34 -rdynamic 
make[1]: Leaving directory '/home/blid/dev/cpc-wrapper/cmake-build-debug/CMakeFiles/CMakeTmp'


    Feature record: C_FEATURE:1c_function_prototypes
    Feature record: C_FEATURE:0c_restrict
    Feature record: C_FEATURE:0c_static_assert
    Feature record: C_FEATURE:0c_variadic_macros
Performing C++ SOURCE FILE Test COMPILER_SUPPORTS_CXX11 succeeded with the following output:
Change Dir: /home/blid/dev/cpc-wrapper/cmake-build-debug/CMakeFiles/CMakeTmp

Run Build Command:"/usr/bin/make" "cmTC_00251/fast"
/usr/bin/make -f CMakeFiles/cmTC_00251.dir/build.make CMakeFiles/cmTC_00251.dir/build
make[1]: Entering directory '/home/blid/dev/cpc-wrapper/cmake-build-debug/CMakeFiles/CMakeTmp'
Building CXX object CMakeFiles/cmTC_00251.dir/src.cxx.o
/usr/bin/c++     -DCOMPILER_SUPPORTS_CXX11   -std=c++11 -o CMakeFiles/cmTC_00251.dir/src.cxx.o -c /home/blid/dev/cpc-wrapper/cmake-build-debug/CMakeFiles/CMakeTmp/src.cxx
Linking CXX executable cmTC_00251
/usr/bin/cmake -E cmake_link_script CMakeFiles/cmTC_00251.dir/link.txt --verbose=1
/usr/bin/c++    -DCOMPILER_SUPPORTS_CXX11    CMakeFiles/cmTC_00251.dir/src.cxx.o  -o cmTC_00251 -rdynamic 
make[1]: Leaving directory '/home/blid/dev/cpc-wrapper/cmake-build-debug/CMakeFiles/CMakeTmp'

Source file was:
int main() { return 0; }
Performing C++ SOURCE FILE Test COMPILER_SUPPORTS_CXX0X succeeded with the following output:
Change Dir: /home/blid/dev/cpc-wrapper/cmake-build-debug/CMakeFiles/CMakeTmp

Run Build Command:"/usr/bin/make" "cmTC_32af4/fast"
/usr/bin/make -f CMakeFiles/cmTC_32af4.dir/build.make CMakeFiles/cmTC_32af4.dir/build
make[1]: Entering directory '/home/blid/dev/cpc-wrapper/cmake-build-debug/CMakeFiles/CMakeTmp'
Building CXX object CMakeFiles/cmTC_32af4.dir/src.cxx.o
/usr/bin/c++     -DCOMPILER_SUPPORTS_CXX0X   -std=c++0x -o CMakeFiles/cmTC_32af4.dir/src.cxx.o -c /home/blid/dev/cpc-wrapper/cmake-build-debug/CMakeFiles/CMakeTmp/src.cxx
Linking CXX executable cmTC_32af4
/usr/bin/cmake -E cmake_link_script CMakeFiles/cmTC_32af4.dir/link.txt --verbose=1
/usr/bin/c++    -DCOMPILER_SUPPORTS_CXX0X    CMakeFiles/cmTC_32af4.dir/src.cxx.o  -o cmTC_32af4 -rdynamic 
make[1]: Leaving directory '/home/blid/dev/cpc-wrapper/cmake-build-debug/CMakeFiles/CMakeTmp'

Source file was:
int main() { return 0; }
Determining if the include file pthread.h exists passed with the following output:
Change Dir: /home/blid/dev/cpc-wrapper/cmake-build-debug/CMakeFiles/CMakeTmp

Run Build Command:"/usr/bin/make" "cmTC_f7c30/fast"
/usr/bin/make -f CMakeFiles/cmTC_f7c30.dir/build.make CMakeFiles/cmTC_f7c30.dir/build
make[1]: Entering directory '/home/blid/dev/cpc-wrapper/cmake-build-debug/CMakeFiles/CMakeTmp'
Building C object CMakeFiles/cmTC_f7c30.dir/CheckIncludeFile.c.o
/usr/bin/cc     -o CMakeFiles/cmTC_f7c30.dir/CheckIncludeFile.c.o   -c /home/blid/dev/cpc-wrapper/cmake-build-debug/CMakeFiles/CMakeTmp/CheckIncludeFile.c
Linking C executable cmTC_f7c30
/usr/bin/cmake -E cmake_link_script CMakeFiles/cmTC_f7c30.dir/link.txt --verbose=1
/usr/bin/cc       CMakeFiles/cmTC_f7c30.dir/CheckIncludeFile.c.o  -o cmTC_f7c30 -rdynamic 
make[1]: Leaving directory '/home/blid/dev/cpc-wrapper/cmake-build-debug/CMakeFiles/CMakeTmp'


Determining if the function pthread_create exists in the pthread passed with the following output:
Change Dir: /home/blid/dev/cpc-wrapper/cmake-build-debug/CMakeFiles/CMakeTmp

Run Build Command:"/usr/bin/make" "cmTC_c31b8/fast"
/usr/bin/make -f CMakeFiles/cmTC_c31b8.dir/build.make CMakeFiles/cmTC_c31b8.dir/build
make[1]: Entering directory '/home/blid/dev/cpc-wrapper/cmake-build-debug/CMakeFiles/CMakeTmp'
Building C object CMakeFiles/cmTC_c31b8.dir/CheckFunctionExists.c.o
/usr/bin/cc    -DCHECK_FUNCTION_EXISTS=pthread_create   -o CMakeFiles/cmTC_c31b8.dir/CheckFunctionExists.c.o   -c /usr/share/cmake-3.7/Modules/CheckFunctionExists.c
Linking C executable cmTC_c31b8
/usr/bin/cmake -E cmake_link_script CMakeFiles/cmTC_c31b8.dir/link.txt --verbose=1
/usr/bin/cc   -DCHECK_FUNCTION_EXISTS=pthread_create    CMakeFiles/cmTC_c31b8.dir/CheckFunctionExists.c.o  -o cmTC_c31b8 -rdynamic -lpthread 
make[1]: Leaving directory '/home/blid/dev/cpc-wrapper/cmake-build-debug/CMakeFiles/CMakeTmp'


Performing C++ SOURCE FILE Test HAS_CONSTEXPR_SPECIFIER succeeded with the following output:
Change Dir: /home/blid/dev/cpc-wrapper/cmake-build-debug/CMakeFiles/CMakeTmp

Run Build Command:"/usr/bin/make" "cmTC_b6bbf/fast"
/usr/bin/make -f CMakeFiles/cmTC_b6bbf.dir/build.make CMakeFiles/cmTC_b6bbf.dir/build
make[1]: Entering directory '/home/blid/dev/cpc-wrapper/cmake-build-debug/CMakeFiles/CMakeTmp'
Building CXX object CMakeFiles/cmTC_b6bbf.dir/src.cxx.o
/usr/bin/c++     -std=c++11 -DHAS_CONSTEXPR_SPECIFIER   -o CMakeFiles/cmTC_b6bbf.dir/src.cxx.o -c /home/blid/dev/cpc-wrapper/cmake-build-debug/CMakeFiles/CMakeTmp/src.cxx
Linking CXX executable cmTC_b6bbf
/usr/bin/cmake -E cmake_link_script CMakeFiles/cmTC_b6bbf.dir/link.txt --verbose=1
/usr/bin/c++    -std=c++11 -DHAS_CONSTEXPR_SPECIFIER    CMakeFiles/cmTC_b6bbf.dir/src.cxx.o  -o cmTC_b6bbf -rdynamic 
make[1]: Leaving directory '/home/blid/dev/cpc-wrapper/cmake-build-debug/CMakeFiles/CMakeTmp'

Source file was:

int main() { constexpr int fu = 88; }

Performing C++ SOURCE FILE Test HAS_FINAL_SPECIFIER succeeded with the following output:
Change Dir: /home/blid/dev/cpc-wrapper/cmake-build-debug/CMakeFiles/CMakeTmp

Run Build Command:"/usr/bin/make" "cmTC_eca89/fast"
/usr/bin/make -f CMakeFiles/cmTC_eca89.dir/build.make CMakeFiles/cmTC_eca89.dir/build
make[1]: Entering directory '/home/blid/dev/cpc-wrapper/cmake-build-debug/CMakeFiles/CMakeTmp'
Building CXX object CMakeFiles/cmTC_eca89.dir/src.cxx.o
/usr/bin/c++     -std=c++11 -DHAS_FINAL_SPECIFIER   -o CMakeFiles/cmTC_eca89.dir/src.cxx.o -c /home/blid/dev/cpc-wrapper/cmake-build-debug/CMakeFiles/CMakeTmp/src.cxx
Linking CXX executable cmTC_eca89
/usr/bin/cmake -E cmake_link_script CMakeFiles/cmTC_eca89.dir/link.txt --verbose=1
/usr/bin/c++    -std=c++11 -DHAS_FINAL_SPECIFIER    CMakeFiles/cmTC_eca89.dir/src.cxx.o  -o cmTC_eca89 -rdynamic 
make[1]: Leaving directory '/home/blid/dev/cpc-wrapper/cmake-build-debug/CMakeFiles/CMakeTmp'

Source file was:

class Fu final { };
int main() { }

Performing C++ SOURCE FILE Test HAS_NOEXCEPT_SPECIFIER succeeded with the following output:
Change Dir: /home/blid/dev/cpc-wrapper/cmake-build-debug/CMakeFiles/CMakeTmp

Run Build Command:"/usr/bin/make" "cmTC_9701d/fast"
/usr/bin/make -f CMakeFiles/cmTC_9701d.dir/build.make CMakeFiles/cmTC_9701d.dir/build
make[1]: Entering directory '/home/blid/dev/cpc-wrapper/cmake-build-debug/CMakeFiles/CMakeTmp'
Building CXX object CMakeFiles/cmTC_9701d.dir/src.cxx.o
/usr/bin/c++     -std=c++11 -DHAS_NOEXCEPT_SPECIFIER   -o CMakeFiles/cmTC_9701d.dir/src.cxx.o -c /home/blid/dev/cpc-wrapper/cmake-build-debug/CMakeFiles/CMakeTmp/src.cxx
Linking CXX executable cmTC_9701d
/usr/bin/cmake -E cmake_link_script CMakeFiles/cmTC_9701d.dir/link.txt --verbose=1
/usr/bin/c++    -std=c++11 -DHAS_NOEXCEPT_SPECIFIER    CMakeFiles/cmTC_9701d.dir/src.cxx.o  -o cmTC_9701d -rdynamic 
make[1]: Leaving directory '/home/blid/dev/cpc-wrapper/cmake-build-debug/CMakeFiles/CMakeTmp'

Source file was:

void func() noexcept { }
int main() { }

Performing C++ SOURCE FILE Test HAS_DEFAULT_TEMPLATE_ARGS_FOR_FUNCTIONS succeeded with the following output:
Change Dir: /home/blid/dev/cpc-wrapper/cmake-build-debug/CMakeFiles/CMakeTmp

Run Build Command:"/usr/bin/make" "cmTC_cb481/fast"
/usr/bin/make -f CMakeFiles/cmTC_cb481.dir/build.make CMakeFiles/cmTC_cb481.dir/build
make[1]: Entering directory '/home/blid/dev/cpc-wrapper/cmake-build-debug/CMakeFiles/CMakeTmp'
Building CXX object CMakeFiles/cmTC_cb481.dir/src.cxx.o
/usr/bin/c++     -std=c++11 -DHAS_DEFAULT_TEMPLATE_ARGS_FOR_FUNCTIONS   -o CMakeFiles/cmTC_cb481.dir/src.cxx.o -c /home/blid/dev/cpc-wrapper/cmake-build-debug/CMakeFiles/CMakeTmp/src.cxx
Linking CXX executable cmTC_cb481
/usr/bin/cmake -E cmake_link_script CMakeFiles/cmTC_cb481.dir/link.txt --verbose=1
/usr/bin/c++    -std=c++11 -DHAS_DEFAULT_TEMPLATE_ARGS_FOR_FUNCTIONS    CMakeFiles/cmTC_cb481.dir/src.cxx.o  -o cmTC_cb481 -rdynamic 
make[1]: Leaving directory '/home/blid/dev/cpc-wrapper/cmake-build-debug/CMakeFiles/CMakeTmp'

Source file was:

template <typename Fu = int> void func() { }
int main() { }

Performing C++ SOURCE FILE Test HAS_THREAD_LOCAL_STORAGE succeeded with the following output:
Change Dir: /home/blid/dev/cpc-wrapper/cmake-build-debug/CMakeFiles/CMakeTmp

Run Build Command:"/usr/bin/make" "cmTC_719a9/fast"
/usr/bin/make -f CMakeFiles/cmTC_719a9.dir/build.make CMakeFiles/cmTC_719a9.dir/build
make[1]: Entering directory '/home/blid/dev/cpc-wrapper/cmake-build-debug/CMakeFiles/CMakeTmp'
Building CXX object CMakeFiles/cmTC_719a9.dir/src.cxx.o
/usr/bin/c++     -std=c++11 -DHAS_THREAD_LOCAL_STORAGE   -o CMakeFiles/cmTC_719a9.dir/src.cxx.o -c /home/blid/dev/cpc-wrapper/cmake-build-debug/CMakeFiles/CMakeTmp/src.cxx
Linking CXX executable cmTC_719a9
/usr/bin/cmake -E cmake_link_script CMakeFiles/cmTC_719a9.dir/link.txt --verbose=1
/usr/bin/c++    -std=c++11 -DHAS_THREAD_LOCAL_STORAGE    CMakeFiles/cmTC_719a9.dir/src.cxx.o  -o cmTC_719a9 -rdynamic 
make[1]: Leaving directory '/home/blid/dev/cpc-wrapper/cmake-build-debug/CMakeFiles/CMakeTmp'

Source file was:

int main() { thread_local int i; }

Performing C++ SOURCE FILE Test HAS_DEFAULT_AND_DELETE succeeded with the following output:
Change Dir: /home/blid/dev/cpc-wrapper/cmake-build-debug/CMakeFiles/CMakeTmp

Run Build Command:"/usr/bin/make" "cmTC_f975d/fast"
/usr/bin/make -f CMakeFiles/cmTC_f975d.dir/build.make CMakeFiles/cmTC_f975d.dir/build
make[1]: Entering directory '/home/blid/dev/cpc-wrapper/cmake-build-debug/CMakeFiles/CMakeTmp'
Building CXX object CMakeFiles/cmTC_f975d.dir/src.cxx.o
/usr/bin/c++     -std=c++11 -DHAS_DEFAULT_AND_DELETE   -o CMakeFiles/cmTC_f975d.dir/src.cxx.o -c /home/blid/dev/cpc-wrapper/cmake-build-debug/CMakeFiles/CMakeTmp/src.cxx
Linking CXX executable cmTC_f975d
/usr/bin/cmake -E cmake_link_script CMakeFiles/cmTC_f975d.dir/link.txt --verbose=1
/usr/bin/c++    -std=c++11 -DHAS_DEFAULT_AND_DELETE    CMakeFiles/cmTC_f975d.dir/src.cxx.o  -o cmTC_f975d -rdynamic 
make[1]: Leaving directory '/home/blid/dev/cpc-wrapper/cmake-build-debug/CMakeFiles/CMakeTmp'

Source file was:

struct Fu { Fu() = default; Fu(const Fu&) = delete; };
int main() { }

Performing C++ SOURCE FILE Test HAS_VARIADIC_TEMPLATES succeeded with the following output:
Change Dir: /home/blid/dev/cpc-wrapper/cmake-build-debug/CMakeFiles/CMakeTmp

Run Build Command:"/usr/bin/make" "cmTC_1a093/fast"
/usr/bin/make -f CMakeFiles/cmTC_1a093.dir/build.make CMakeFiles/cmTC_1a093.dir/build
make[1]: Entering directory '/home/blid/dev/cpc-wrapper/cmake-build-debug/CMakeFiles/CMakeTmp'
Building CXX object CMakeFiles/cmTC_1a093.dir/src.cxx.o
/usr/bin/c++     -std=c++11 -DHAS_VARIADIC_TEMPLATES   -o CMakeFiles/cmTC_1a093.dir/src.cxx.o -c /home/blid/dev/cpc-wrapper/cmake-build-debug/CMakeFiles/CMakeTmp/src.cxx
Linking CXX executable cmTC_1a093
/usr/bin/cmake -E cmake_link_script CMakeFiles/cmTC_1a093.dir/link.txt --verbose=1
/usr/bin/c++    -std=c++11 -DHAS_VARIADIC_TEMPLATES    CMakeFiles/cmTC_1a093.dir/src.cxx.o  -o cmTC_1a093 -rdynamic 
make[1]: Leaving directory '/home/blid/dev/cpc-wrapper/cmake-build-debug/CMakeFiles/CMakeTmp'

Source file was:

template <typename... T> void func(T...) { }
int main() { }

Performing C++ SOURCE FILE Test HAS_NON_BUGGY_TYPE_TRAITS succeeded with the following output:
Change Dir: /home/blid/dev/cpc-wrapper/cmake-build-debug/CMakeFiles/CMakeTmp

Run Build Command:"/usr/bin/make" "cmTC_30b65/fast"
/usr/bin/make -f CMakeFiles/cmTC_30b65.dir/build.make CMakeFiles/cmTC_30b65.dir/build
make[1]: Entering directory '/home/blid/dev/cpc-wrapper/cmake-build-debug/CMakeFiles/CMakeTmp'
Building CXX object CMakeFiles/cmTC_30b65.dir/src.cxx.o
/usr/bin/c++     -std=c++11 -DHAS_NON_BUGGY_TYPE_TRAITS   -o CMakeFiles/cmTC_30b65.dir/src.cxx.o -c /home/blid/dev/cpc-wrapper/cmake-build-debug/CMakeFiles/CMakeTmp/src.cxx
Linking CXX executable cmTC_30b65
/usr/bin/cmake -E cmake_link_script CMakeFiles/cmTC_30b65.dir/link.txt --verbose=1
/usr/bin/c++    -std=c++11 -DHAS_NON_BUGGY_TYPE_TRAITS    CMakeFiles/cmTC_30b65.dir/src.cxx.o  -o cmTC_30b65 -rdynamic 
make[1]: Leaving directory '/home/blid/dev/cpc-wrapper/cmake-build-debug/CMakeFiles/CMakeTmp'

Source file was:

#include <type_traits>
struct Fu { Fu(const Fu&) = delete; };
static_assert(!std::is_copy_constructible<Fu>::value, "");
int main() { }

Performing C++ SOURCE FILE Test HAS_INITIALIZER_LISTS succeeded with the following output:
Change Dir: /home/blid/dev/cpc-wrapper/cmake-build-debug/CMakeFiles/CMakeTmp

Run Build Command:"/usr/bin/make" "cmTC_76c6c/fast"
/usr/bin/make -f CMakeFiles/cmTC_76c6c.dir/build.make CMakeFiles/cmTC_76c6c.dir/build
make[1]: Entering directory '/home/blid/dev/cpc-wrapper/cmake-build-debug/CMakeFiles/CMakeTmp'
Building CXX object CMakeFiles/cmTC_76c6c.dir/src.cxx.o
/usr/bin/c++     -std=c++11 -DHAS_INITIALIZER_LISTS   -o CMakeFiles/cmTC_76c6c.dir/src.cxx.o -c /home/blid/dev/cpc-wrapper/cmake-build-debug/CMakeFiles/CMakeTmp/src.cxx
Linking CXX executable cmTC_76c6c
/usr/bin/cmake -E cmake_link_script CMakeFiles/cmTC_76c6c.dir/link.txt --verbose=1
/usr/bin/c++    -std=c++11 -DHAS_INITIALIZER_LISTS    CMakeFiles/cmTC_76c6c.dir/src.cxx.o  -o cmTC_76c6c -rdynamic 
make[1]: Leaving directory '/home/blid/dev/cpc-wrapper/cmake-build-debug/CMakeFiles/CMakeTmp'

Source file was:

#include <vector>
int main() { std::vector<int> vec{1, 2, 3, 4, 5}; }

