The system is: Linux - 4.10.0-30-generic - i686
Compiling the CXX compiler identification source file "CMakeCXXCompilerId.cpp" succeeded.
Compiler: /usr/bin/c++ 
Build flags: 
Id flags: 

The output was:
0


Compilation of the CXX compiler identification source "CMakeCXXCompilerId.cpp" produced "a.out"

The CXX compiler identification is GNU, found in "/home/blid/dev/cpc-wrapper/build/CMakeFiles/3.7.2/CompilerIdCXX/a.out"

Compiling the C compiler identification source file "CMakeCCompilerId.c" succeeded.
Compiler: /usr/bin/cc 
Build flags: 
Id flags: 

The output was:
0


Compilation of the C compiler identification source "CMakeCCompilerId.c" produced "a.out"

The C compiler identification is GNU, found in "/home/blid/dev/cpc-wrapper/build/CMakeFiles/3.7.2/CompilerIdC/a.out"

Determining if the CXX compiler works passed with the following output:
Change Dir: /home/blid/dev/cpc-wrapper/build/CMakeFiles/CMakeTmp

Run Build Command:"/usr/bin/make" "cmTC_ccc11/fast"
/usr/bin/make -f CMakeFiles/cmTC_ccc11.dir/build.make CMakeFiles/cmTC_ccc11.dir/build
make[1]: Entering directory '/home/blid/dev/cpc-wrapper/build/CMakeFiles/CMakeTmp'
Building CXX object CMakeFiles/cmTC_ccc11.dir/testCXXCompiler.cxx.o
/usr/bin/c++      -o CMakeFiles/cmTC_ccc11.dir/testCXXCompiler.cxx.o -c /home/blid/dev/cpc-wrapper/build/CMakeFiles/CMakeTmp/testCXXCompiler.cxx
Linking CXX executable cmTC_ccc11
/usr/bin/cmake -E cmake_link_script CMakeFiles/cmTC_ccc11.dir/link.txt --verbose=1
/usr/bin/c++        CMakeFiles/cmTC_ccc11.dir/testCXXCompiler.cxx.o  -o cmTC_ccc11 -rdynamic 
make[1]: Leaving directory '/home/blid/dev/cpc-wrapper/build/CMakeFiles/CMakeTmp'


Detecting CXX compiler ABI info compiled with the following output:
Change Dir: /home/blid/dev/cpc-wrapper/build/CMakeFiles/CMakeTmp

Run Build Command:"/usr/bin/make" "cmTC_a6b98/fast"
/usr/bin/make -f CMakeFiles/cmTC_a6b98.dir/build.make CMakeFiles/cmTC_a6b98.dir/build
make[1]: Entering directory '/home/blid/dev/cpc-wrapper/build/CMakeFiles/CMakeTmp'
Building CXX object CMakeFiles/cmTC_a6b98.dir/CMakeCXXCompilerABI.cpp.o
/usr/bin/c++      -o CMakeFiles/cmTC_a6b98.dir/CMakeCXXCompilerABI.cpp.o -c /usr/share/cmake-3.7/Modules/CMakeCXXCompilerABI.cpp
Linking CXX executable cmTC_a6b98
/usr/bin/cmake -E cmake_link_script CMakeFiles/cmTC_a6b98.dir/link.txt --verbose=1
/usr/bin/c++       -v CMakeFiles/cmTC_a6b98.dir/CMakeCXXCompilerABI.cpp.o  -o cmTC_a6b98 -rdynamic  
Using built-in specs.
COLLECT_GCC=/usr/bin/c++
COLLECT_LTO_WRAPPER=/usr/lib/gcc/i686-linux-gnu/6/lto-wrapper
Target: i686-linux-gnu
Configured with: ../src/configure -v --with-pkgversion='Ubuntu 6.3.0-12ubuntu2' --with-bugurl=file:///usr/share/doc/gcc-6/README.Bugs --enable-languages=c,ada,c++,java,go,d,fortran,objc,obj-c++ --prefix=/usr --program-suffix=-6 --program-prefix=i686-linux-gnu- --enable-shared --enable-linker-build-id --libexecdir=/usr/lib --without-included-gettext --enable-threads=posix --libdir=/usr/lib --enable-nls --with-sysroot=/ --enable-clocale=gnu --enable-libstdcxx-debug --enable-libstdcxx-time=yes --with-default-libstdcxx-abi=new --enable-gnu-unique-object --disable-vtable-verify --enable-libmpx --enable-plugin --with-system-zlib --disable-browser-plugin --enable-java-awt=gtk --enable-gtk-cairo --with-java-home=/usr/lib/jvm/java-1.5.0-gcj-6-i386/jre --enable-java-home --with-jvm-root-dir=/usr/lib/jvm/java-1.5.0-gcj-6-i386 --with-jvm-jar-dir=/usr/lib/jvm-exports/java-1.5.0-gcj-6-i386 --with-arch-directory=i386 --with-ecj-jar=/usr/share/java/eclipse-ecj.jar --with-target-system-zlib --enable-objc-gc=auto --enable-targets=all --enable-multiarch --disable-werror --with-arch-32=i686 --with-multilib-list=m32,m64,mx32 --enable-multilib --with-tune=generic --enable-checking=release --build=i686-linux-gnu --host=i686-linux-gnu --target=i686-linux-gnu
Thread model: posix
gcc version 6.3.0 20170406 (Ubuntu 6.3.0-12ubuntu2) 
COMPILER_PATH=/usr/lib/gcc/i686-linux-gnu/6/:/usr/lib/gcc/i686-linux-gnu/6/:/usr/lib/gcc/i686-linux-gnu/:/usr/lib/gcc/i686-linux-gnu/6/:/usr/lib/gcc/i686-linux-gnu/
LIBRARY_PATH=/usr/lib/gcc/i686-linux-gnu/6/:/usr/lib/gcc/i686-linux-gnu/6/../../../i386-linux-gnu/:/usr/lib/gcc/i686-linux-gnu/6/../../../../lib/:/lib/i386-linux-gnu/:/lib/../lib/:/usr/lib/i386-linux-gnu/:/usr/lib/../lib/:/usr/lib/gcc/i686-linux-gnu/6/../../../:/lib/:/usr/lib/
COLLECT_GCC_OPTIONS='-v' '-o' 'cmTC_a6b98' '-rdynamic' '-shared-libgcc' '-mtune=generic' '-march=i686'
 /usr/lib/gcc/i686-linux-gnu/6/collect2 -plugin /usr/lib/gcc/i686-linux-gnu/6/liblto_plugin.so -plugin-opt=/usr/lib/gcc/i686-linux-gnu/6/lto-wrapper -plugin-opt=-fresolution=/tmp/ccwoZVY5.res -plugin-opt=-pass-through=-lgcc_s -plugin-opt=-pass-through=-lgcc -plugin-opt=-pass-through=-lc -plugin-opt=-pass-through=-lgcc_s -plugin-opt=-pass-through=-lgcc --sysroot=/ --build-id --eh-frame-hdr -m elf_i386 --hash-style=gnu --as-needed -export-dynamic -dynamic-linker /lib/ld-linux.so.2 -z relro -o cmTC_a6b98 /usr/lib/gcc/i686-linux-gnu/6/../../../i386-linux-gnu/crt1.o /usr/lib/gcc/i686-linux-gnu/6/../../../i386-linux-gnu/crti.o /usr/lib/gcc/i686-linux-gnu/6/crtbegin.o -L/usr/lib/gcc/i686-linux-gnu/6 -L/usr/lib/gcc/i686-linux-gnu/6/../../../i386-linux-gnu -L/usr/lib/gcc/i686-linux-gnu/6/../../../../lib -L/lib/i386-linux-gnu -L/lib/../lib -L/usr/lib/i386-linux-gnu -L/usr/lib/../lib -L/usr/lib/gcc/i686-linux-gnu/6/../../.. CMakeFiles/cmTC_a6b98.dir/CMakeCXXCompilerABI.cpp.o -lstdc++ -lm -lgcc_s -lgcc -lc -lgcc_s -lgcc /usr/lib/gcc/i686-linux-gnu/6/crtend.o /usr/lib/gcc/i686-linux-gnu/6/../../../i386-linux-gnu/crtn.o
COLLECT_GCC_OPTIONS='-v' '-o' 'cmTC_a6b98' '-rdynamic' '-shared-libgcc' '-mtune=generic' '-march=i686'
make[1]: Leaving directory '/home/blid/dev/cpc-wrapper/build/CMakeFiles/CMakeTmp'


Parsed CXX implicit link information from above output:
  link line regex: [^( *|.*[/\])(ld|([^/\]+-)?ld|collect2)[^/\]*( |$)]
  ignore line: [Change Dir: /home/blid/dev/cpc-wrapper/build/CMakeFiles/CMakeTmp]
  ignore line: []
  ignore line: [Run Build Command:"/usr/bin/make" "cmTC_a6b98/fast"]
  ignore line: [/usr/bin/make -f CMakeFiles/cmTC_a6b98.dir/build.make CMakeFiles/cmTC_a6b98.dir/build]
  ignore line: [make[1]: Entering directory '/home/blid/dev/cpc-wrapper/build/CMakeFiles/CMakeTmp']
  ignore line: [Building CXX object CMakeFiles/cmTC_a6b98.dir/CMakeCXXCompilerABI.cpp.o]
  ignore line: [/usr/bin/c++      -o CMakeFiles/cmTC_a6b98.dir/CMakeCXXCompilerABI.cpp.o -c /usr/share/cmake-3.7/Modules/CMakeCXXCompilerABI.cpp]
  ignore line: [Linking CXX executable cmTC_a6b98]
  ignore line: [/usr/bin/cmake -E cmake_link_script CMakeFiles/cmTC_a6b98.dir/link.txt --verbose=1]
  ignore line: [/usr/bin/c++       -v CMakeFiles/cmTC_a6b98.dir/CMakeCXXCompilerABI.cpp.o  -o cmTC_a6b98 -rdynamic  ]
  ignore line: [Using built-in specs.]
  ignore line: [COLLECT_GCC=/usr/bin/c++]
  ignore line: [COLLECT_LTO_WRAPPER=/usr/lib/gcc/i686-linux-gnu/6/lto-wrapper]
  ignore line: [Target: i686-linux-gnu]
  ignore line: [Configured with: ../src/configure -v --with-pkgversion='Ubuntu 6.3.0-12ubuntu2' --with-bugurl=file:///usr/share/doc/gcc-6/README.Bugs --enable-languages=c,ada,c++,java,go,d,fortran,objc,obj-c++ --prefix=/usr --program-suffix=-6 --program-prefix=i686-linux-gnu- --enable-shared --enable-linker-build-id --libexecdir=/usr/lib --without-included-gettext --enable-threads=posix --libdir=/usr/lib --enable-nls --with-sysroot=/ --enable-clocale=gnu --enable-libstdcxx-debug --enable-libstdcxx-time=yes --with-default-libstdcxx-abi=new --enable-gnu-unique-object --disable-vtable-verify --enable-libmpx --enable-plugin --with-system-zlib --disable-browser-plugin --enable-java-awt=gtk --enable-gtk-cairo --with-java-home=/usr/lib/jvm/java-1.5.0-gcj-6-i386/jre --enable-java-home --with-jvm-root-dir=/usr/lib/jvm/java-1.5.0-gcj-6-i386 --with-jvm-jar-dir=/usr/lib/jvm-exports/java-1.5.0-gcj-6-i386 --with-arch-directory=i386 --with-ecj-jar=/usr/share/java/eclipse-ecj.jar --with-target-system-zlib --enable-objc-gc=auto --enable-targets=all --enable-multiarch --disable-werror --with-arch-32=i686 --with-multilib-list=m32,m64,mx32 --enable-multilib --with-tune=generic --enable-checking=release --build=i686-linux-gnu --host=i686-linux-gnu --target=i686-linux-gnu]
  ignore line: [Thread model: posix]
  ignore line: [gcc version 6.3.0 20170406 (Ubuntu 6.3.0-12ubuntu2) ]
  ignore line: [COMPILER_PATH=/usr/lib/gcc/i686-linux-gnu/6/:/usr/lib/gcc/i686-linux-gnu/6/:/usr/lib/gcc/i686-linux-gnu/:/usr/lib/gcc/i686-linux-gnu/6/:/usr/lib/gcc/i686-linux-gnu/]
  ignore line: [LIBRARY_PATH=/usr/lib/gcc/i686-linux-gnu/6/:/usr/lib/gcc/i686-linux-gnu/6/../../../i386-linux-gnu/:/usr/lib/gcc/i686-linux-gnu/6/../../../../lib/:/lib/i386-linux-gnu/:/lib/../lib/:/usr/lib/i386-linux-gnu/:/usr/lib/../lib/:/usr/lib/gcc/i686-linux-gnu/6/../../../:/lib/:/usr/lib/]
  ignore line: [COLLECT_GCC_OPTIONS='-v' '-o' 'cmTC_a6b98' '-rdynamic' '-shared-libgcc' '-mtune=generic' '-march=i686']
  link line: [ /usr/lib/gcc/i686-linux-gnu/6/collect2 -plugin /usr/lib/gcc/i686-linux-gnu/6/liblto_plugin.so -plugin-opt=/usr/lib/gcc/i686-linux-gnu/6/lto-wrapper -plugin-opt=-fresolution=/tmp/ccwoZVY5.res -plugin-opt=-pass-through=-lgcc_s -plugin-opt=-pass-through=-lgcc -plugin-opt=-pass-through=-lc -plugin-opt=-pass-through=-lgcc_s -plugin-opt=-pass-through=-lgcc --sysroot=/ --build-id --eh-frame-hdr -m elf_i386 --hash-style=gnu --as-needed -export-dynamic -dynamic-linker /lib/ld-linux.so.2 -z relro -o cmTC_a6b98 /usr/lib/gcc/i686-linux-gnu/6/../../../i386-linux-gnu/crt1.o /usr/lib/gcc/i686-linux-gnu/6/../../../i386-linux-gnu/crti.o /usr/lib/gcc/i686-linux-gnu/6/crtbegin.o -L/usr/lib/gcc/i686-linux-gnu/6 -L/usr/lib/gcc/i686-linux-gnu/6/../../../i386-linux-gnu -L/usr/lib/gcc/i686-linux-gnu/6/../../../../lib -L/lib/i386-linux-gnu -L/lib/../lib -L/usr/lib/i386-linux-gnu -L/usr/lib/../lib -L/usr/lib/gcc/i686-linux-gnu/6/../../.. CMakeFiles/cmTC_a6b98.dir/CMakeCXXCompilerABI.cpp.o -lstdc++ -lm -lgcc_s -lgcc -lc -lgcc_s -lgcc /usr/lib/gcc/i686-linux-gnu/6/crtend.o /usr/lib/gcc/i686-linux-gnu/6/../../../i386-linux-gnu/crtn.o]
    arg [/usr/lib/gcc/i686-linux-gnu/6/collect2] ==> ignore
    arg [-plugin] ==> ignore
    arg [/usr/lib/gcc/i686-linux-gnu/6/liblto_plugin.so] ==> ignore
    arg [-plugin-opt=/usr/lib/gcc/i686-linux-gnu/6/lto-wrapper] ==> ignore
    arg [-plugin-opt=-fresolution=/tmp/ccwoZVY5.res] ==> ignore
    arg [-plugin-opt=-pass-through=-lgcc_s] ==> ignore
    arg [-plugin-opt=-pass-through=-lgcc] ==> ignore
    arg [-plugin-opt=-pass-through=-lc] ==> ignore
    arg [-plugin-opt=-pass-through=-lgcc_s] ==> ignore
    arg [-plugin-opt=-pass-through=-lgcc] ==> ignore
    arg [--sysroot=/] ==> ignore
    arg [--build-id] ==> ignore
    arg [--eh-frame-hdr] ==> ignore
    arg [-m] ==> ignore
    arg [elf_i386] ==> ignore
    arg [--hash-style=gnu] ==> ignore
    arg [--as-needed] ==> ignore
    arg [-export-dynamic] ==> ignore
    arg [-dynamic-linker] ==> ignore
    arg [/lib/ld-linux.so.2] ==> ignore
    arg [-zrelro] ==> ignore
    arg [-o] ==> ignore
    arg [cmTC_a6b98] ==> ignore
    arg [/usr/lib/gcc/i686-linux-gnu/6/../../../i386-linux-gnu/crt1.o] ==> ignore
    arg [/usr/lib/gcc/i686-linux-gnu/6/../../../i386-linux-gnu/crti.o] ==> ignore
    arg [/usr/lib/gcc/i686-linux-gnu/6/crtbegin.o] ==> ignore
    arg [-L/usr/lib/gcc/i686-linux-gnu/6] ==> dir [/usr/lib/gcc/i686-linux-gnu/6]
    arg [-L/usr/lib/gcc/i686-linux-gnu/6/../../../i386-linux-gnu] ==> dir [/usr/lib/gcc/i686-linux-gnu/6/../../../i386-linux-gnu]
    arg [-L/usr/lib/gcc/i686-linux-gnu/6/../../../../lib] ==> dir [/usr/lib/gcc/i686-linux-gnu/6/../../../../lib]
    arg [-L/lib/i386-linux-gnu] ==> dir [/lib/i386-linux-gnu]
    arg [-L/lib/../lib] ==> dir [/lib/../lib]
    arg [-L/usr/lib/i386-linux-gnu] ==> dir [/usr/lib/i386-linux-gnu]
    arg [-L/usr/lib/../lib] ==> dir [/usr/lib/../lib]
    arg [-L/usr/lib/gcc/i686-linux-gnu/6/../../..] ==> dir [/usr/lib/gcc/i686-linux-gnu/6/../../..]
    arg [CMakeFiles/cmTC_a6b98.dir/CMakeCXXCompilerABI.cpp.o] ==> ignore
    arg [-lstdc++] ==> lib [stdc++]
    arg [-lm] ==> lib [m]
    arg [-lgcc_s] ==> lib [gcc_s]
    arg [-lgcc] ==> lib [gcc]
    arg [-lc] ==> lib [c]
    arg [-lgcc_s] ==> lib [gcc_s]
    arg [-lgcc] ==> lib [gcc]
    arg [/usr/lib/gcc/i686-linux-gnu/6/crtend.o] ==> ignore
    arg [/usr/lib/gcc/i686-linux-gnu/6/../../../i386-linux-gnu/crtn.o] ==> ignore
  remove lib [gcc_s]
  remove lib [gcc]
  remove lib [gcc_s]
  remove lib [gcc]
  collapse library dir [/usr/lib/gcc/i686-linux-gnu/6] ==> [/usr/lib/gcc/i686-linux-gnu/6]
  collapse library dir [/usr/lib/gcc/i686-linux-gnu/6/../../../i386-linux-gnu] ==> [/usr/lib/i386-linux-gnu]
  collapse library dir [/usr/lib/gcc/i686-linux-gnu/6/../../../../lib] ==> [/usr/lib]
  collapse library dir [/lib/i386-linux-gnu] ==> [/lib/i386-linux-gnu]
  collapse library dir [/lib/../lib] ==> [/lib]
  collapse library dir [/usr/lib/i386-linux-gnu] ==> [/usr/lib/i386-linux-gnu]
  collapse library dir [/usr/lib/../lib] ==> [/usr/lib]
  collapse library dir [/usr/lib/gcc/i686-linux-gnu/6/../../..] ==> [/usr/lib]
  implicit libs: [stdc++;m;c]
  implicit dirs: [/usr/lib/gcc/i686-linux-gnu/6;/usr/lib/i386-linux-gnu;/usr/lib;/lib/i386-linux-gnu;/lib]
  implicit fwks: []




Detecting CXX [-std=c++14] compiler features compiled with the following output:
Change Dir: /home/blid/dev/cpc-wrapper/build/CMakeFiles/CMakeTmp

Run Build Command:"/usr/bin/make" "cmTC_f76f9/fast"
/usr/bin/make -f CMakeFiles/cmTC_f76f9.dir/build.make CMakeFiles/cmTC_f76f9.dir/build
make[1]: Entering directory '/home/blid/dev/cpc-wrapper/build/CMakeFiles/CMakeTmp'
Building CXX object CMakeFiles/cmTC_f76f9.dir/feature_tests.cxx.o
/usr/bin/c++     -std=c++14 -o CMakeFiles/cmTC_f76f9.dir/feature_tests.cxx.o -c /home/blid/dev/cpc-wrapper/build/CMakeFiles/feature_tests.cxx
Linking CXX executable cmTC_f76f9
/usr/bin/cmake -E cmake_link_script CMakeFiles/cmTC_f76f9.dir/link.txt --verbose=1
/usr/bin/c++        CMakeFiles/cmTC_f76f9.dir/feature_tests.cxx.o  -o cmTC_f76f9 -rdynamic 
make[1]: Leaving directory '/home/blid/dev/cpc-wrapper/build/CMakeFiles/CMakeTmp'


    Feature record: CXX_FEATURE:1cxx_aggregate_default_initializers
    Feature record: CXX_FEATURE:1cxx_alias_templates
    Feature record: CXX_FEATURE:1cxx_alignas
    Feature record: CXX_FEATURE:1cxx_alignof
    Feature record: CXX_FEATURE:1cxx_attributes
    Feature record: CXX_FEATURE:1cxx_attribute_deprecated
    Feature record: CXX_FEATURE:1cxx_auto_type
    Feature record: CXX_FEATURE:1cxx_binary_literals
    Feature record: CXX_FEATURE:1cxx_constexpr
    Feature record: CXX_FEATURE:1cxx_contextual_conversions
    Feature record: CXX_FEATURE:1cxx_decltype
    Feature record: CXX_FEATURE:1cxx_decltype_auto
    Feature record: CXX_FEATURE:1cxx_decltype_incomplete_return_types
    Feature record: CXX_FEATURE:1cxx_default_function_template_args
    Feature record: CXX_FEATURE:1cxx_defaulted_functions
    Feature record: CXX_FEATURE:1cxx_defaulted_move_initializers
    Feature record: CXX_FEATURE:1cxx_delegating_constructors
    Feature record: CXX_FEATURE:1cxx_deleted_functions
    Feature record: CXX_FEATURE:1cxx_digit_separators
    Feature record: CXX_FEATURE:1cxx_enum_forward_declarations
    Feature record: CXX_FEATURE:1cxx_explicit_conversions
    Feature record: CXX_FEATURE:1cxx_extended_friend_declarations
    Feature record: CXX_FEATURE:1cxx_extern_templates
    Feature record: CXX_FEATURE:1cxx_final
    Feature record: CXX_FEATURE:1cxx_func_identifier
    Feature record: CXX_FEATURE:1cxx_generalized_initializers
    Feature record: CXX_FEATURE:1cxx_generic_lambdas
    Feature record: CXX_FEATURE:1cxx_inheriting_constructors
    Feature record: CXX_FEATURE:1cxx_inline_namespaces
    Feature record: CXX_FEATURE:1cxx_lambdas
    Feature record: CXX_FEATURE:1cxx_lambda_init_captures
    Feature record: CXX_FEATURE:1cxx_local_type_template_args
    Feature record: CXX_FEATURE:1cxx_long_long_type
    Feature record: CXX_FEATURE:1cxx_noexcept
    Feature record: CXX_FEATURE:1cxx_nonstatic_member_init
    Feature record: CXX_FEATURE:1cxx_nullptr
    Feature record: CXX_FEATURE:1cxx_override
    Feature record: CXX_FEATURE:1cxx_range_for
    Feature record: CXX_FEATURE:1cxx_raw_string_literals
    Feature record: CXX_FEATURE:1cxx_reference_qualified_functions
    Feature record: CXX_FEATURE:1cxx_relaxed_constexpr
    Feature record: CXX_FEATURE:1cxx_return_type_deduction
    Feature record: CXX_FEATURE:1cxx_right_angle_brackets
    Feature record: CXX_FEATURE:1cxx_rvalue_references
    Feature record: CXX_FEATURE:1cxx_sizeof_member
    Feature record: CXX_FEATURE:1cxx_static_assert
    Feature record: CXX_FEATURE:1cxx_strong_enums
    Feature record: CXX_FEATURE:1cxx_template_template_parameters
    Feature record: CXX_FEATURE:1cxx_thread_local
    Feature record: CXX_FEATURE:1cxx_trailing_return_types
    Feature record: CXX_FEATURE:1cxx_unicode_literals
    Feature record: CXX_FEATURE:1cxx_uniform_initialization
    Feature record: CXX_FEATURE:1cxx_unrestricted_unions
    Feature record: CXX_FEATURE:1cxx_user_literals
    Feature record: CXX_FEATURE:1cxx_variable_templates
    Feature record: CXX_FEATURE:1cxx_variadic_macros
    Feature record: CXX_FEATURE:1cxx_variadic_templates


Detecting CXX [-std=c++11] compiler features compiled with the following output:
Change Dir: /home/blid/dev/cpc-wrapper/build/CMakeFiles/CMakeTmp

Run Build Command:"/usr/bin/make" "cmTC_37688/fast"
/usr/bin/make -f CMakeFiles/cmTC_37688.dir/build.make CMakeFiles/cmTC_37688.dir/build
make[1]: Entering directory '/home/blid/dev/cpc-wrapper/build/CMakeFiles/CMakeTmp'
Building CXX object CMakeFiles/cmTC_37688.dir/feature_tests.cxx.o
/usr/bin/c++     -std=c++11 -o CMakeFiles/cmTC_37688.dir/feature_tests.cxx.o -c /home/blid/dev/cpc-wrapper/build/CMakeFiles/feature_tests.cxx
Linking CXX executable cmTC_37688
/usr/bin/cmake -E cmake_link_script CMakeFiles/cmTC_37688.dir/link.txt --verbose=1
/usr/bin/c++        CMakeFiles/cmTC_37688.dir/feature_tests.cxx.o  -o cmTC_37688 -rdynamic 
make[1]: Leaving directory '/home/blid/dev/cpc-wrapper/build/CMakeFiles/CMakeTmp'


    Feature record: CXX_FEATURE:0cxx_aggregate_default_initializers
    Feature record: CXX_FEATURE:1cxx_alias_templates
    Feature record: CXX_FEATURE:1cxx_alignas
    Feature record: CXX_FEATURE:1cxx_alignof
    Feature record: CXX_FEATURE:1cxx_attributes
    Feature record: CXX_FEATURE:0cxx_attribute_deprecated
    Feature record: CXX_FEATURE:1cxx_auto_type
    Feature record: CXX_FEATURE:0cxx_binary_literals
    Feature record: CXX_FEATURE:1cxx_constexpr
    Feature record: CXX_FEATURE:0cxx_contextual_conversions
    Feature record: CXX_FEATURE:1cxx_decltype
    Feature record: CXX_FEATURE:0cxx_decltype_auto
    Feature record: CXX_FEATURE:1cxx_decltype_incomplete_return_types
    Feature record: CXX_FEATURE:1cxx_default_function_template_args
    Feature record: CXX_FEATURE:1cxx_defaulted_functions
    Feature record: CXX_FEATURE:1cxx_defaulted_move_initializers
    Feature record: CXX_FEATURE:1cxx_delegating_constructors
    Feature record: CXX_FEATURE:1cxx_deleted_functions
    Feature record: CXX_FEATURE:0cxx_digit_separators
    Feature record: CXX_FEATURE:1cxx_enum_forward_declarations
    Feature record: CXX_FEATURE:1cxx_explicit_conversions
    Feature record: CXX_FEATURE:1cxx_extended_friend_declarations
    Feature record: CXX_FEATURE:1cxx_extern_templates
    Feature record: CXX_FEATURE:1cxx_final
    Feature record: CXX_FEATURE:1cxx_func_identifier
    Feature record: CXX_FEATURE:1cxx_generalized_initializers
    Feature record: CXX_FEATURE:0cxx_generic_lambdas
    Feature record: CXX_FEATURE:1cxx_inheriting_constructors
    Feature record: CXX_FEATURE:1cxx_inline_namespaces
    Feature record: CXX_FEATURE:1cxx_lambdas
    Feature record: CXX_FEATURE:0cxx_lambda_init_captures
    Feature record: CXX_FEATURE:1cxx_local_type_template_args
    Feature record: CXX_FEATURE:1cxx_long_long_type
    Feature record: CXX_FEATURE:1cxx_noexcept
    Feature record: CXX_FEATURE:1cxx_nonstatic_member_init
    Feature record: CXX_FEATURE:1cxx_nullptr
    Feature record: CXX_FEATURE:1cxx_override
    Feature record: CXX_FEATURE:1cxx_range_for
    Feature record: CXX_FEATURE:1cxx_raw_string_literals
    Feature record: CXX_FEATURE:1cxx_reference_qualified_functions
    Feature record: CXX_FEATURE:0cxx_relaxed_constexpr
    Feature record: CXX_FEATURE:0cxx_return_type_deduction
    Feature record: CXX_FEATURE:1cxx_right_angle_brackets
    Feature record: CXX_FEATURE:1cxx_rvalue_references
    Feature record: CXX_FEATURE:1cxx_sizeof_member
    Feature record: CXX_FEATURE:1cxx_static_assert
    Feature record: CXX_FEATURE:1cxx_strong_enums
    Feature record: CXX_FEATURE:1cxx_template_template_parameters
    Feature record: CXX_FEATURE:1cxx_thread_local
    Feature record: CXX_FEATURE:1cxx_trailing_return_types
    Feature record: CXX_FEATURE:1cxx_unicode_literals
    Feature record: CXX_FEATURE:1cxx_uniform_initialization
    Feature record: CXX_FEATURE:1cxx_unrestricted_unions
    Feature record: CXX_FEATURE:1cxx_user_literals
    Feature record: CXX_FEATURE:0cxx_variable_templates
    Feature record: CXX_FEATURE:1cxx_variadic_macros
    Feature record: CXX_FEATURE:1cxx_variadic_templates


Detecting CXX [-std=c++98] compiler features compiled with the following output:
Change Dir: /home/blid/dev/cpc-wrapper/build/CMakeFiles/CMakeTmp

Run Build Command:"/usr/bin/make" "cmTC_11198/fast"
/usr/bin/make -f CMakeFiles/cmTC_11198.dir/build.make CMakeFiles/cmTC_11198.dir/build
make[1]: Entering directory '/home/blid/dev/cpc-wrapper/build/CMakeFiles/CMakeTmp'
Building CXX object CMakeFiles/cmTC_11198.dir/feature_tests.cxx.o
/usr/bin/c++     -std=c++98 -o CMakeFiles/cmTC_11198.dir/feature_tests.cxx.o -c /home/blid/dev/cpc-wrapper/build/CMakeFiles/feature_tests.cxx
Linking CXX executable cmTC_11198
/usr/bin/cmake -E cmake_link_script CMakeFiles/cmTC_11198.dir/link.txt --verbose=1
/usr/bin/c++        CMakeFiles/cmTC_11198.dir/feature_tests.cxx.o  -o cmTC_11198 -rdynamic 
make[1]: Leaving directory '/home/blid/dev/cpc-wrapper/build/CMakeFiles/CMakeTmp'


    Feature record: CXX_FEATURE:0cxx_aggregate_default_initializers
    Feature record: CXX_FEATURE:0cxx_alias_templates
    Feature record: CXX_FEATURE:0cxx_alignas
    Feature record: CXX_FEATURE:0cxx_alignof
    Feature record: CXX_FEATURE:0cxx_attributes
    Feature record: CXX_FEATURE:0cxx_attribute_deprecated
    Feature record: CXX_FEATURE:0cxx_auto_type
    Feature record: CXX_FEATURE:0cxx_binary_literals
    Feature record: CXX_FEATURE:0cxx_constexpr
    Feature record: CXX_FEATURE:0cxx_contextual_conversions
    Feature record: CXX_FEATURE:0cxx_decltype
    Feature record: CXX_FEATURE:0cxx_decltype_auto
    Feature record: CXX_FEATURE:0cxx_decltype_incomplete_return_types
    Feature record: CXX_FEATURE:0cxx_default_function_template_args
    Feature record: CXX_FEATURE:0cxx_defaulted_functions
    Feature record: CXX_FEATURE:0cxx_defaulted_move_initializers
    Feature record: CXX_FEATURE:0cxx_delegating_constructors
    Feature record: CXX_FEATURE:0cxx_deleted_functions
    Feature record: CXX_FEATURE:0cxx_digit_separators
    Feature record: CXX_FEATURE:0cxx_enum_forward_declarations
    Feature record: CXX_FEATURE:0cxx_explicit_conversions
    Feature record: CXX_FEATURE:0cxx_extended_friend_declarations
    Feature record: CXX_FEATURE:0cxx_extern_templates
    Feature record: CXX_FEATURE:0cxx_final
    Feature record: CXX_FEATURE:0cxx_func_identifier
    Feature record: CXX_FEATURE:0cxx_generalized_initializers
    Feature record: CXX_FEATURE:0cxx_generic_lambdas
    Feature record: CXX_FEATURE:0cxx_inheriting_constructors
    Feature record: CXX_FEATURE:0cxx_inline_namespaces
    Feature record: CXX_FEATURE:0cxx_lambdas
    Feature record: CXX_FEATURE:0cxx_lambda_init_captures
    Feature record: CXX_FEATURE:0cxx_local_type_template_args
    Feature record: CXX_FEATURE:0cxx_long_long_type
    Feature record: CXX_FEATURE:0cxx_noexcept
    Feature record: CXX_FEATURE:0cxx_nonstatic_member_init
    Feature record: CXX_FEATURE:0cxx_nullptr
    Feature record: CXX_FEATURE:0cxx_override
    Feature record: CXX_FEATURE:0cxx_range_for
    Feature record: CXX_FEATURE:0cxx_raw_string_literals
    Feature record: CXX_FEATURE:0cxx_reference_qualified_functions
    Feature record: CXX_FEATURE:0cxx_relaxed_constexpr
    Feature record: CXX_FEATURE:0cxx_return_type_deduction
    Feature record: CXX_FEATURE:0cxx_right_angle_brackets
    Feature record: CXX_FEATURE:0cxx_rvalue_references
    Feature record: CXX_FEATURE:0cxx_sizeof_member
    Feature record: CXX_FEATURE:0cxx_static_assert
    Feature record: CXX_FEATURE:0cxx_strong_enums
    Feature record: CXX_FEATURE:1cxx_template_template_parameters
    Feature record: CXX_FEATURE:0cxx_thread_local
    Feature record: CXX_FEATURE:0cxx_trailing_return_types
    Feature record: CXX_FEATURE:0cxx_unicode_literals
    Feature record: CXX_FEATURE:0cxx_uniform_initialization
    Feature record: CXX_FEATURE:0cxx_unrestricted_unions
    Feature record: CXX_FEATURE:0cxx_user_literals
    Feature record: CXX_FEATURE:0cxx_variable_templates
    Feature record: CXX_FEATURE:0cxx_variadic_macros
    Feature record: CXX_FEATURE:0cxx_variadic_templates
Determining if the C compiler works passed with the following output:
Change Dir: /home/blid/dev/cpc-wrapper/build/CMakeFiles/CMakeTmp

Run Build Command:"/usr/bin/make" "cmTC_e73a0/fast"
/usr/bin/make -f CMakeFiles/cmTC_e73a0.dir/build.make CMakeFiles/cmTC_e73a0.dir/build
make[1]: Entering directory '/home/blid/dev/cpc-wrapper/build/CMakeFiles/CMakeTmp'
Building C object CMakeFiles/cmTC_e73a0.dir/testCCompiler.c.o
/usr/bin/cc     -o CMakeFiles/cmTC_e73a0.dir/testCCompiler.c.o   -c /home/blid/dev/cpc-wrapper/build/CMakeFiles/CMakeTmp/testCCompiler.c
Linking C executable cmTC_e73a0
/usr/bin/cmake -E cmake_link_script CMakeFiles/cmTC_e73a0.dir/link.txt --verbose=1
/usr/bin/cc       CMakeFiles/cmTC_e73a0.dir/testCCompiler.c.o  -o cmTC_e73a0 -rdynamic 
make[1]: Leaving directory '/home/blid/dev/cpc-wrapper/build/CMakeFiles/CMakeTmp'


Detecting C compiler ABI info compiled with the following output:
Change Dir: /home/blid/dev/cpc-wrapper/build/CMakeFiles/CMakeTmp

Run Build Command:"/usr/bin/make" "cmTC_50b24/fast"
/usr/bin/make -f CMakeFiles/cmTC_50b24.dir/build.make CMakeFiles/cmTC_50b24.dir/build
make[1]: Entering directory '/home/blid/dev/cpc-wrapper/build/CMakeFiles/CMakeTmp'
Building C object CMakeFiles/cmTC_50b24.dir/CMakeCCompilerABI.c.o
/usr/bin/cc     -o CMakeFiles/cmTC_50b24.dir/CMakeCCompilerABI.c.o   -c /usr/share/cmake-3.7/Modules/CMakeCCompilerABI.c
Linking C executable cmTC_50b24
/usr/bin/cmake -E cmake_link_script CMakeFiles/cmTC_50b24.dir/link.txt --verbose=1
/usr/bin/cc      -v CMakeFiles/cmTC_50b24.dir/CMakeCCompilerABI.c.o  -o cmTC_50b24 -rdynamic  
Using built-in specs.
COLLECT_GCC=/usr/bin/cc
COLLECT_LTO_WRAPPER=/usr/lib/gcc/i686-linux-gnu/6/lto-wrapper
Target: i686-linux-gnu
Configured with: ../src/configure -v --with-pkgversion='Ubuntu 6.3.0-12ubuntu2' --with-bugurl=file:///usr/share/doc/gcc-6/README.Bugs --enable-languages=c,ada,c++,java,go,d,fortran,objc,obj-c++ --prefix=/usr --program-suffix=-6 --program-prefix=i686-linux-gnu- --enable-shared --enable-linker-build-id --libexecdir=/usr/lib --without-included-gettext --enable-threads=posix --libdir=/usr/lib --enable-nls --with-sysroot=/ --enable-clocale=gnu --enable-libstdcxx-debug --enable-libstdcxx-time=yes --with-default-libstdcxx-abi=new --enable-gnu-unique-object --disable-vtable-verify --enable-libmpx --enable-plugin --with-system-zlib --disable-browser-plugin --enable-java-awt=gtk --enable-gtk-cairo --with-java-home=/usr/lib/jvm/java-1.5.0-gcj-6-i386/jre --enable-java-home --with-jvm-root-dir=/usr/lib/jvm/java-1.5.0-gcj-6-i386 --with-jvm-jar-dir=/usr/lib/jvm-exports/java-1.5.0-gcj-6-i386 --with-arch-directory=i386 --with-ecj-jar=/usr/share/java/eclipse-ecj.jar --with-target-system-zlib --enable-objc-gc=auto --enable-targets=all --enable-multiarch --disable-werror --with-arch-32=i686 --with-multilib-list=m32,m64,mx32 --enable-multilib --with-tune=generic --enable-checking=release --build=i686-linux-gnu --host=i686-linux-gnu --target=i686-linux-gnu
Thread model: posix
gcc version 6.3.0 20170406 (Ubuntu 6.3.0-12ubuntu2) 
COMPILER_PATH=/usr/lib/gcc/i686-linux-gnu/6/:/usr/lib/gcc/i686-linux-gnu/6/:/usr/lib/gcc/i686-linux-gnu/:/usr/lib/gcc/i686-linux-gnu/6/:/usr/lib/gcc/i686-linux-gnu/
LIBRARY_PATH=/usr/lib/gcc/i686-linux-gnu/6/:/usr/lib/gcc/i686-linux-gnu/6/../../../i386-linux-gnu/:/usr/lib/gcc/i686-linux-gnu/6/../../../../lib/:/lib/i386-linux-gnu/:/lib/../lib/:/usr/lib/i386-linux-gnu/:/usr/lib/../lib/:/usr/lib/gcc/i686-linux-gnu/6/../../../:/lib/:/usr/lib/
COLLECT_GCC_OPTIONS='-v' '-o' 'cmTC_50b24' '-rdynamic' '-mtune=generic' '-march=i686'
 /usr/lib/gcc/i686-linux-gnu/6/collect2 -plugin /usr/lib/gcc/i686-linux-gnu/6/liblto_plugin.so -plugin-opt=/usr/lib/gcc/i686-linux-gnu/6/lto-wrapper -plugin-opt=-fresolution=/tmp/cc4V141h.res -plugin-opt=-pass-through=-lgcc -plugin-opt=-pass-through=-lgcc_s -plugin-opt=-pass-through=-lc -plugin-opt=-pass-through=-lgcc -plugin-opt=-pass-through=-lgcc_s --sysroot=/ --build-id --eh-frame-hdr -m elf_i386 --hash-style=gnu --as-needed -export-dynamic -dynamic-linker /lib/ld-linux.so.2 -z relro -o cmTC_50b24 /usr/lib/gcc/i686-linux-gnu/6/../../../i386-linux-gnu/crt1.o /usr/lib/gcc/i686-linux-gnu/6/../../../i386-linux-gnu/crti.o /usr/lib/gcc/i686-linux-gnu/6/crtbegin.o -L/usr/lib/gcc/i686-linux-gnu/6 -L/usr/lib/gcc/i686-linux-gnu/6/../../../i386-linux-gnu -L/usr/lib/gcc/i686-linux-gnu/6/../../../../lib -L/lib/i386-linux-gnu -L/lib/../lib -L/usr/lib/i386-linux-gnu -L/usr/lib/../lib -L/usr/lib/gcc/i686-linux-gnu/6/../../.. CMakeFiles/cmTC_50b24.dir/CMakeCCompilerABI.c.o -lgcc --as-needed -lgcc_s --no-as-needed -lc -lgcc --as-needed -lgcc_s --no-as-needed /usr/lib/gcc/i686-linux-gnu/6/crtend.o /usr/lib/gcc/i686-linux-gnu/6/../../../i386-linux-gnu/crtn.o
COLLECT_GCC_OPTIONS='-v' '-o' 'cmTC_50b24' '-rdynamic' '-mtune=generic' '-march=i686'
make[1]: Leaving directory '/home/blid/dev/cpc-wrapper/build/CMakeFiles/CMakeTmp'


Parsed C implicit link information from above output:
  link line regex: [^( *|.*[/\])(ld|([^/\]+-)?ld|collect2)[^/\]*( |$)]
  ignore line: [Change Dir: /home/blid/dev/cpc-wrapper/build/CMakeFiles/CMakeTmp]
  ignore line: []
  ignore line: [Run Build Command:"/usr/bin/make" "cmTC_50b24/fast"]
  ignore line: [/usr/bin/make -f CMakeFiles/cmTC_50b24.dir/build.make CMakeFiles/cmTC_50b24.dir/build]
  ignore line: [make[1]: Entering directory '/home/blid/dev/cpc-wrapper/build/CMakeFiles/CMakeTmp']
  ignore line: [Building C object CMakeFiles/cmTC_50b24.dir/CMakeCCompilerABI.c.o]
  ignore line: [/usr/bin/cc     -o CMakeFiles/cmTC_50b24.dir/CMakeCCompilerABI.c.o   -c /usr/share/cmake-3.7/Modules/CMakeCCompilerABI.c]
  ignore line: [Linking C executable cmTC_50b24]
  ignore line: [/usr/bin/cmake -E cmake_link_script CMakeFiles/cmTC_50b24.dir/link.txt --verbose=1]
  ignore line: [/usr/bin/cc      -v CMakeFiles/cmTC_50b24.dir/CMakeCCompilerABI.c.o  -o cmTC_50b24 -rdynamic  ]
  ignore line: [Using built-in specs.]
  ignore line: [COLLECT_GCC=/usr/bin/cc]
  ignore line: [COLLECT_LTO_WRAPPER=/usr/lib/gcc/i686-linux-gnu/6/lto-wrapper]
  ignore line: [Target: i686-linux-gnu]
  ignore line: [Configured with: ../src/configure -v --with-pkgversion='Ubuntu 6.3.0-12ubuntu2' --with-bugurl=file:///usr/share/doc/gcc-6/README.Bugs --enable-languages=c,ada,c++,java,go,d,fortran,objc,obj-c++ --prefix=/usr --program-suffix=-6 --program-prefix=i686-linux-gnu- --enable-shared --enable-linker-build-id --libexecdir=/usr/lib --without-included-gettext --enable-threads=posix --libdir=/usr/lib --enable-nls --with-sysroot=/ --enable-clocale=gnu --enable-libstdcxx-debug --enable-libstdcxx-time=yes --with-default-libstdcxx-abi=new --enable-gnu-unique-object --disable-vtable-verify --enable-libmpx --enable-plugin --with-system-zlib --disable-browser-plugin --enable-java-awt=gtk --enable-gtk-cairo --with-java-home=/usr/lib/jvm/java-1.5.0-gcj-6-i386/jre --enable-java-home --with-jvm-root-dir=/usr/lib/jvm/java-1.5.0-gcj-6-i386 --with-jvm-jar-dir=/usr/lib/jvm-exports/java-1.5.0-gcj-6-i386 --with-arch-directory=i386 --with-ecj-jar=/usr/share/java/eclipse-ecj.jar --with-target-system-zlib --enable-objc-gc=auto --enable-targets=all --enable-multiarch --disable-werror --with-arch-32=i686 --with-multilib-list=m32,m64,mx32 --enable-multilib --with-tune=generic --enable-checking=release --build=i686-linux-gnu --host=i686-linux-gnu --target=i686-linux-gnu]
  ignore line: [Thread model: posix]
  ignore line: [gcc version 6.3.0 20170406 (Ubuntu 6.3.0-12ubuntu2) ]
  ignore line: [COMPILER_PATH=/usr/lib/gcc/i686-linux-gnu/6/:/usr/lib/gcc/i686-linux-gnu/6/:/usr/lib/gcc/i686-linux-gnu/:/usr/lib/gcc/i686-linux-gnu/6/:/usr/lib/gcc/i686-linux-gnu/]
  ignore line: [LIBRARY_PATH=/usr/lib/gcc/i686-linux-gnu/6/:/usr/lib/gcc/i686-linux-gnu/6/../../../i386-linux-gnu/:/usr/lib/gcc/i686-linux-gnu/6/../../../../lib/:/lib/i386-linux-gnu/:/lib/../lib/:/usr/lib/i386-linux-gnu/:/usr/lib/../lib/:/usr/lib/gcc/i686-linux-gnu/6/../../../:/lib/:/usr/lib/]
  ignore line: [COLLECT_GCC_OPTIONS='-v' '-o' 'cmTC_50b24' '-rdynamic' '-mtune=generic' '-march=i686']
  link line: [ /usr/lib/gcc/i686-linux-gnu/6/collect2 -plugin /usr/lib/gcc/i686-linux-gnu/6/liblto_plugin.so -plugin-opt=/usr/lib/gcc/i686-linux-gnu/6/lto-wrapper -plugin-opt=-fresolution=/tmp/cc4V141h.res -plugin-opt=-pass-through=-lgcc -plugin-opt=-pass-through=-lgcc_s -plugin-opt=-pass-through=-lc -plugin-opt=-pass-through=-lgcc -plugin-opt=-pass-through=-lgcc_s --sysroot=/ --build-id --eh-frame-hdr -m elf_i386 --hash-style=gnu --as-needed -export-dynamic -dynamic-linker /lib/ld-linux.so.2 -z relro -o cmTC_50b24 /usr/lib/gcc/i686-linux-gnu/6/../../../i386-linux-gnu/crt1.o /usr/lib/gcc/i686-linux-gnu/6/../../../i386-linux-gnu/crti.o /usr/lib/gcc/i686-linux-gnu/6/crtbegin.o -L/usr/lib/gcc/i686-linux-gnu/6 -L/usr/lib/gcc/i686-linux-gnu/6/../../../i386-linux-gnu -L/usr/lib/gcc/i686-linux-gnu/6/../../../../lib -L/lib/i386-linux-gnu -L/lib/../lib -L/usr/lib/i386-linux-gnu -L/usr/lib/../lib -L/usr/lib/gcc/i686-linux-gnu/6/../../.. CMakeFiles/cmTC_50b24.dir/CMakeCCompilerABI.c.o -lgcc --as-needed -lgcc_s --no-as-needed -lc -lgcc --as-needed -lgcc_s --no-as-needed /usr/lib/gcc/i686-linux-gnu/6/crtend.o /usr/lib/gcc/i686-linux-gnu/6/../../../i386-linux-gnu/crtn.o]
    arg [/usr/lib/gcc/i686-linux-gnu/6/collect2] ==> ignore
    arg [-plugin] ==> ignore
    arg [/usr/lib/gcc/i686-linux-gnu/6/liblto_plugin.so] ==> ignore
    arg [-plugin-opt=/usr/lib/gcc/i686-linux-gnu/6/lto-wrapper] ==> ignore
    arg [-plugin-opt=-fresolution=/tmp/cc4V141h.res] ==> ignore
    arg [-plugin-opt=-pass-through=-lgcc] ==> ignore
    arg [-plugin-opt=-pass-through=-lgcc_s] ==> ignore
    arg [-plugin-opt=-pass-through=-lc] ==> ignore
    arg [-plugin-opt=-pass-through=-lgcc] ==> ignore
    arg [-plugin-opt=-pass-through=-lgcc_s] ==> ignore
    arg [--sysroot=/] ==> ignore
    arg [--build-id] ==> ignore
    arg [--eh-frame-hdr] ==> ignore
    arg [-m] ==> ignore
    arg [elf_i386] ==> ignore
    arg [--hash-style=gnu] ==> ignore
    arg [--as-needed] ==> ignore
    arg [-export-dynamic] ==> ignore
    arg [-dynamic-linker] ==> ignore
    arg [/lib/ld-linux.so.2] ==> ignore
    arg [-zrelro] ==> ignore
    arg [-o] ==> ignore
    arg [cmTC_50b24] ==> ignore
    arg [/usr/lib/gcc/i686-linux-gnu/6/../../../i386-linux-gnu/crt1.o] ==> ignore
    arg [/usr/lib/gcc/i686-linux-gnu/6/../../../i386-linux-gnu/crti.o] ==> ignore
    arg [/usr/lib/gcc/i686-linux-gnu/6/crtbegin.o] ==> ignore
    arg [-L/usr/lib/gcc/i686-linux-gnu/6] ==> dir [/usr/lib/gcc/i686-linux-gnu/6]
    arg [-L/usr/lib/gcc/i686-linux-gnu/6/../../../i386-linux-gnu] ==> dir [/usr/lib/gcc/i686-linux-gnu/6/../../../i386-linux-gnu]
    arg [-L/usr/lib/gcc/i686-linux-gnu/6/../../../../lib] ==> dir [/usr/lib/gcc/i686-linux-gnu/6/../../../../lib]
    arg [-L/lib/i386-linux-gnu] ==> dir [/lib/i386-linux-gnu]
    arg [-L/lib/../lib] ==> dir [/lib/../lib]
    arg [-L/usr/lib/i386-linux-gnu] ==> dir [/usr/lib/i386-linux-gnu]
    arg [-L/usr/lib/../lib] ==> dir [/usr/lib/../lib]
    arg [-L/usr/lib/gcc/i686-linux-gnu/6/../../..] ==> dir [/usr/lib/gcc/i686-linux-gnu/6/../../..]
    arg [CMakeFiles/cmTC_50b24.dir/CMakeCCompilerABI.c.o] ==> ignore
    arg [-lgcc] ==> lib [gcc]
    arg [--as-needed] ==> ignore
    arg [-lgcc_s] ==> lib [gcc_s]
    arg [--no-as-needed] ==> ignore
    arg [-lc] ==> lib [c]
    arg [-lgcc] ==> lib [gcc]
    arg [--as-needed] ==> ignore
    arg [-lgcc_s] ==> lib [gcc_s]
    arg [--no-as-needed] ==> ignore
    arg [/usr/lib/gcc/i686-linux-gnu/6/crtend.o] ==> ignore
    arg [/usr/lib/gcc/i686-linux-gnu/6/../../../i386-linux-gnu/crtn.o] ==> ignore
  remove lib [gcc]
  remove lib [gcc_s]
  remove lib [gcc]
  remove lib [gcc_s]
  collapse library dir [/usr/lib/gcc/i686-linux-gnu/6] ==> [/usr/lib/gcc/i686-linux-gnu/6]
  collapse library dir [/usr/lib/gcc/i686-linux-gnu/6/../../../i386-linux-gnu] ==> [/usr/lib/i386-linux-gnu]
  collapse library dir [/usr/lib/gcc/i686-linux-gnu/6/../../../../lib] ==> [/usr/lib]
  collapse library dir [/lib/i386-linux-gnu] ==> [/lib/i386-linux-gnu]
  collapse library dir [/lib/../lib] ==> [/lib]
  collapse library dir [/usr/lib/i386-linux-gnu] ==> [/usr/lib/i386-linux-gnu]
  collapse library dir [/usr/lib/../lib] ==> [/usr/lib]
  collapse library dir [/usr/lib/gcc/i686-linux-gnu/6/../../..] ==> [/usr/lib]
  implicit libs: [c]
  implicit dirs: [/usr/lib/gcc/i686-linux-gnu/6;/usr/lib/i386-linux-gnu;/usr/lib;/lib/i386-linux-gnu;/lib]
  implicit fwks: []




Detecting C [-std=c11] compiler features compiled with the following output:
Change Dir: /home/blid/dev/cpc-wrapper/build/CMakeFiles/CMakeTmp

Run Build Command:"/usr/bin/make" "cmTC_3ee0f/fast"
/usr/bin/make -f CMakeFiles/cmTC_3ee0f.dir/build.make CMakeFiles/cmTC_3ee0f.dir/build
make[1]: Entering directory '/home/blid/dev/cpc-wrapper/build/CMakeFiles/CMakeTmp'
Building C object CMakeFiles/cmTC_3ee0f.dir/feature_tests.c.o
/usr/bin/cc    -std=c11 -o CMakeFiles/cmTC_3ee0f.dir/feature_tests.c.o   -c /home/blid/dev/cpc-wrapper/build/CMakeFiles/feature_tests.c
Linking C executable cmTC_3ee0f
/usr/bin/cmake -E cmake_link_script CMakeFiles/cmTC_3ee0f.dir/link.txt --verbose=1
/usr/bin/cc       CMakeFiles/cmTC_3ee0f.dir/feature_tests.c.o  -o cmTC_3ee0f -rdynamic 
make[1]: Leaving directory '/home/blid/dev/cpc-wrapper/build/CMakeFiles/CMakeTmp'


    Feature record: C_FEATURE:1c_function_prototypes
    Feature record: C_FEATURE:1c_restrict
    Feature record: C_FEATURE:1c_static_assert
    Feature record: C_FEATURE:1c_variadic_macros


Detecting C [-std=c99] compiler features compiled with the following output:
Change Dir: /home/blid/dev/cpc-wrapper/build/CMakeFiles/CMakeTmp

Run Build Command:"/usr/bin/make" "cmTC_e6467/fast"
/usr/bin/make -f CMakeFiles/cmTC_e6467.dir/build.make CMakeFiles/cmTC_e6467.dir/build
make[1]: Entering directory '/home/blid/dev/cpc-wrapper/build/CMakeFiles/CMakeTmp'
Building C object CMakeFiles/cmTC_e6467.dir/feature_tests.c.o
/usr/bin/cc    -std=c99 -o CMakeFiles/cmTC_e6467.dir/feature_tests.c.o   -c /home/blid/dev/cpc-wrapper/build/CMakeFiles/feature_tests.c
Linking C executable cmTC_e6467
/usr/bin/cmake -E cmake_link_script CMakeFiles/cmTC_e6467.dir/link.txt --verbose=1
/usr/bin/cc       CMakeFiles/cmTC_e6467.dir/feature_tests.c.o  -o cmTC_e6467 -rdynamic 
make[1]: Leaving directory '/home/blid/dev/cpc-wrapper/build/CMakeFiles/CMakeTmp'


    Feature record: C_FEATURE:1c_function_prototypes
    Feature record: C_FEATURE:1c_restrict
    Feature record: C_FEATURE:0c_static_assert
    Feature record: C_FEATURE:1c_variadic_macros


Detecting C [-std=c90] compiler features compiled with the following output:
Change Dir: /home/blid/dev/cpc-wrapper/build/CMakeFiles/CMakeTmp

Run Build Command:"/usr/bin/make" "cmTC_7e2d5/fast"
/usr/bin/make -f CMakeFiles/cmTC_7e2d5.dir/build.make CMakeFiles/cmTC_7e2d5.dir/build
make[1]: Entering directory '/home/blid/dev/cpc-wrapper/build/CMakeFiles/CMakeTmp'
Building C object CMakeFiles/cmTC_7e2d5.dir/feature_tests.c.o
/usr/bin/cc    -std=c90 -o CMakeFiles/cmTC_7e2d5.dir/feature_tests.c.o   -c /home/blid/dev/cpc-wrapper/build/CMakeFiles/feature_tests.c
Linking C executable cmTC_7e2d5
/usr/bin/cmake -E cmake_link_script CMakeFiles/cmTC_7e2d5.dir/link.txt --verbose=1
/usr/bin/cc       CMakeFiles/cmTC_7e2d5.dir/feature_tests.c.o  -o cmTC_7e2d5 -rdynamic 
make[1]: Leaving directory '/home/blid/dev/cpc-wrapper/build/CMakeFiles/CMakeTmp'


    Feature record: C_FEATURE:1c_function_prototypes
    Feature record: C_FEATURE:0c_restrict
    Feature record: C_FEATURE:0c_static_assert
    Feature record: C_FEATURE:0c_variadic_macros
Performing C++ SOURCE FILE Test COMPILER_SUPPORTS_CXX11 succeeded with the following output:
Change Dir: /home/blid/dev/cpc-wrapper/build/CMakeFiles/CMakeTmp

Run Build Command:"/usr/bin/make" "cmTC_17a37/fast"
/usr/bin/make -f CMakeFiles/cmTC_17a37.dir/build.make CMakeFiles/cmTC_17a37.dir/build
make[1]: Entering directory '/home/blid/dev/cpc-wrapper/build/CMakeFiles/CMakeTmp'
Building CXX object CMakeFiles/cmTC_17a37.dir/src.cxx.o
/usr/bin/c++     -DCOMPILER_SUPPORTS_CXX11   -std=c++11 -o CMakeFiles/cmTC_17a37.dir/src.cxx.o -c /home/blid/dev/cpc-wrapper/build/CMakeFiles/CMakeTmp/src.cxx
Linking CXX executable cmTC_17a37
/usr/bin/cmake -E cmake_link_script CMakeFiles/cmTC_17a37.dir/link.txt --verbose=1
/usr/bin/c++    -DCOMPILER_SUPPORTS_CXX11    CMakeFiles/cmTC_17a37.dir/src.cxx.o  -o cmTC_17a37 -rdynamic 
make[1]: Leaving directory '/home/blid/dev/cpc-wrapper/build/CMakeFiles/CMakeTmp'

Source file was:
int main() { return 0; }
Performing C++ SOURCE FILE Test COMPILER_SUPPORTS_CXX0X succeeded with the following output:
Change Dir: /home/blid/dev/cpc-wrapper/build/CMakeFiles/CMakeTmp

Run Build Command:"/usr/bin/make" "cmTC_24529/fast"
/usr/bin/make -f CMakeFiles/cmTC_24529.dir/build.make CMakeFiles/cmTC_24529.dir/build
make[1]: Entering directory '/home/blid/dev/cpc-wrapper/build/CMakeFiles/CMakeTmp'
Building CXX object CMakeFiles/cmTC_24529.dir/src.cxx.o
/usr/bin/c++     -DCOMPILER_SUPPORTS_CXX0X   -std=c++0x -o CMakeFiles/cmTC_24529.dir/src.cxx.o -c /home/blid/dev/cpc-wrapper/build/CMakeFiles/CMakeTmp/src.cxx
Linking CXX executable cmTC_24529
/usr/bin/cmake -E cmake_link_script CMakeFiles/cmTC_24529.dir/link.txt --verbose=1
/usr/bin/c++    -DCOMPILER_SUPPORTS_CXX0X    CMakeFiles/cmTC_24529.dir/src.cxx.o  -o cmTC_24529 -rdynamic 
make[1]: Leaving directory '/home/blid/dev/cpc-wrapper/build/CMakeFiles/CMakeTmp'

Source file was:
int main() { return 0; }
Determining if the include file pthread.h exists passed with the following output:
Change Dir: /home/blid/dev/cpc-wrapper/build/CMakeFiles/CMakeTmp

Run Build Command:"/usr/bin/make" "cmTC_def56/fast"
/usr/bin/make -f CMakeFiles/cmTC_def56.dir/build.make CMakeFiles/cmTC_def56.dir/build
make[1]: Entering directory '/home/blid/dev/cpc-wrapper/build/CMakeFiles/CMakeTmp'
Building C object CMakeFiles/cmTC_def56.dir/CheckIncludeFile.c.o
/usr/bin/cc     -o CMakeFiles/cmTC_def56.dir/CheckIncludeFile.c.o   -c /home/blid/dev/cpc-wrapper/build/CMakeFiles/CMakeTmp/CheckIncludeFile.c
Linking C executable cmTC_def56
/usr/bin/cmake -E cmake_link_script CMakeFiles/cmTC_def56.dir/link.txt --verbose=1
/usr/bin/cc       CMakeFiles/cmTC_def56.dir/CheckIncludeFile.c.o  -o cmTC_def56 -rdynamic 
make[1]: Leaving directory '/home/blid/dev/cpc-wrapper/build/CMakeFiles/CMakeTmp'


Determining if the function pthread_create exists in the pthread passed with the following output:
Change Dir: /home/blid/dev/cpc-wrapper/build/CMakeFiles/CMakeTmp

Run Build Command:"/usr/bin/make" "cmTC_580a2/fast"
/usr/bin/make -f CMakeFiles/cmTC_580a2.dir/build.make CMakeFiles/cmTC_580a2.dir/build
make[1]: Entering directory '/home/blid/dev/cpc-wrapper/build/CMakeFiles/CMakeTmp'
Building C object CMakeFiles/cmTC_580a2.dir/CheckFunctionExists.c.o
/usr/bin/cc    -DCHECK_FUNCTION_EXISTS=pthread_create   -o CMakeFiles/cmTC_580a2.dir/CheckFunctionExists.c.o   -c /usr/share/cmake-3.7/Modules/CheckFunctionExists.c
Linking C executable cmTC_580a2
/usr/bin/cmake -E cmake_link_script CMakeFiles/cmTC_580a2.dir/link.txt --verbose=1
/usr/bin/cc   -DCHECK_FUNCTION_EXISTS=pthread_create    CMakeFiles/cmTC_580a2.dir/CheckFunctionExists.c.o  -o cmTC_580a2 -rdynamic -lpthread 
make[1]: Leaving directory '/home/blid/dev/cpc-wrapper/build/CMakeFiles/CMakeTmp'


Performing C++ SOURCE FILE Test HAS_CONSTEXPR_SPECIFIER succeeded with the following output:
Change Dir: /home/blid/dev/cpc-wrapper/build/CMakeFiles/CMakeTmp

Run Build Command:"/usr/bin/make" "cmTC_ffd04/fast"
/usr/bin/make -f CMakeFiles/cmTC_ffd04.dir/build.make CMakeFiles/cmTC_ffd04.dir/build
make[1]: Entering directory '/home/blid/dev/cpc-wrapper/build/CMakeFiles/CMakeTmp'
Building CXX object CMakeFiles/cmTC_ffd04.dir/src.cxx.o
/usr/bin/c++     -std=c++11 -DHAS_CONSTEXPR_SPECIFIER   -o CMakeFiles/cmTC_ffd04.dir/src.cxx.o -c /home/blid/dev/cpc-wrapper/build/CMakeFiles/CMakeTmp/src.cxx
Linking CXX executable cmTC_ffd04
/usr/bin/cmake -E cmake_link_script CMakeFiles/cmTC_ffd04.dir/link.txt --verbose=1
/usr/bin/c++    -std=c++11 -DHAS_CONSTEXPR_SPECIFIER    CMakeFiles/cmTC_ffd04.dir/src.cxx.o  -o cmTC_ffd04 -rdynamic 
make[1]: Leaving directory '/home/blid/dev/cpc-wrapper/build/CMakeFiles/CMakeTmp'

Source file was:

int main() { constexpr int fu = 88; }

Performing C++ SOURCE FILE Test HAS_FINAL_SPECIFIER succeeded with the following output:
Change Dir: /home/blid/dev/cpc-wrapper/build/CMakeFiles/CMakeTmp

Run Build Command:"/usr/bin/make" "cmTC_714fb/fast"
/usr/bin/make -f CMakeFiles/cmTC_714fb.dir/build.make CMakeFiles/cmTC_714fb.dir/build
make[1]: Entering directory '/home/blid/dev/cpc-wrapper/build/CMakeFiles/CMakeTmp'
Building CXX object CMakeFiles/cmTC_714fb.dir/src.cxx.o
/usr/bin/c++     -std=c++11 -DHAS_FINAL_SPECIFIER   -o CMakeFiles/cmTC_714fb.dir/src.cxx.o -c /home/blid/dev/cpc-wrapper/build/CMakeFiles/CMakeTmp/src.cxx
Linking CXX executable cmTC_714fb
/usr/bin/cmake -E cmake_link_script CMakeFiles/cmTC_714fb.dir/link.txt --verbose=1
/usr/bin/c++    -std=c++11 -DHAS_FINAL_SPECIFIER    CMakeFiles/cmTC_714fb.dir/src.cxx.o  -o cmTC_714fb -rdynamic 
make[1]: Leaving directory '/home/blid/dev/cpc-wrapper/build/CMakeFiles/CMakeTmp'

Source file was:

class Fu final { };
int main() { }

Performing C++ SOURCE FILE Test HAS_NOEXCEPT_SPECIFIER succeeded with the following output:
Change Dir: /home/blid/dev/cpc-wrapper/build/CMakeFiles/CMakeTmp

Run Build Command:"/usr/bin/make" "cmTC_ce76b/fast"
/usr/bin/make -f CMakeFiles/cmTC_ce76b.dir/build.make CMakeFiles/cmTC_ce76b.dir/build
make[1]: Entering directory '/home/blid/dev/cpc-wrapper/build/CMakeFiles/CMakeTmp'
Building CXX object CMakeFiles/cmTC_ce76b.dir/src.cxx.o
/usr/bin/c++     -std=c++11 -DHAS_NOEXCEPT_SPECIFIER   -o CMakeFiles/cmTC_ce76b.dir/src.cxx.o -c /home/blid/dev/cpc-wrapper/build/CMakeFiles/CMakeTmp/src.cxx
Linking CXX executable cmTC_ce76b
/usr/bin/cmake -E cmake_link_script CMakeFiles/cmTC_ce76b.dir/link.txt --verbose=1
/usr/bin/c++    -std=c++11 -DHAS_NOEXCEPT_SPECIFIER    CMakeFiles/cmTC_ce76b.dir/src.cxx.o  -o cmTC_ce76b -rdynamic 
make[1]: Leaving directory '/home/blid/dev/cpc-wrapper/build/CMakeFiles/CMakeTmp'

Source file was:

void func() noexcept { }
int main() { }

Performing C++ SOURCE FILE Test HAS_DEFAULT_TEMPLATE_ARGS_FOR_FUNCTIONS succeeded with the following output:
Change Dir: /home/blid/dev/cpc-wrapper/build/CMakeFiles/CMakeTmp

Run Build Command:"/usr/bin/make" "cmTC_c2e9f/fast"
/usr/bin/make -f CMakeFiles/cmTC_c2e9f.dir/build.make CMakeFiles/cmTC_c2e9f.dir/build
make[1]: Entering directory '/home/blid/dev/cpc-wrapper/build/CMakeFiles/CMakeTmp'
Building CXX object CMakeFiles/cmTC_c2e9f.dir/src.cxx.o
/usr/bin/c++     -std=c++11 -DHAS_DEFAULT_TEMPLATE_ARGS_FOR_FUNCTIONS   -o CMakeFiles/cmTC_c2e9f.dir/src.cxx.o -c /home/blid/dev/cpc-wrapper/build/CMakeFiles/CMakeTmp/src.cxx
Linking CXX executable cmTC_c2e9f
/usr/bin/cmake -E cmake_link_script CMakeFiles/cmTC_c2e9f.dir/link.txt --verbose=1
/usr/bin/c++    -std=c++11 -DHAS_DEFAULT_TEMPLATE_ARGS_FOR_FUNCTIONS    CMakeFiles/cmTC_c2e9f.dir/src.cxx.o  -o cmTC_c2e9f -rdynamic 
make[1]: Leaving directory '/home/blid/dev/cpc-wrapper/build/CMakeFiles/CMakeTmp'

Source file was:

template <typename Fu = int> void func() { }
int main() { }

Performing C++ SOURCE FILE Test HAS_THREAD_LOCAL_STORAGE succeeded with the following output:
Change Dir: /home/blid/dev/cpc-wrapper/build/CMakeFiles/CMakeTmp

Run Build Command:"/usr/bin/make" "cmTC_4920b/fast"
/usr/bin/make -f CMakeFiles/cmTC_4920b.dir/build.make CMakeFiles/cmTC_4920b.dir/build
make[1]: Entering directory '/home/blid/dev/cpc-wrapper/build/CMakeFiles/CMakeTmp'
Building CXX object CMakeFiles/cmTC_4920b.dir/src.cxx.o
/usr/bin/c++     -std=c++11 -DHAS_THREAD_LOCAL_STORAGE   -o CMakeFiles/cmTC_4920b.dir/src.cxx.o -c /home/blid/dev/cpc-wrapper/build/CMakeFiles/CMakeTmp/src.cxx
Linking CXX executable cmTC_4920b
/usr/bin/cmake -E cmake_link_script CMakeFiles/cmTC_4920b.dir/link.txt --verbose=1
/usr/bin/c++    -std=c++11 -DHAS_THREAD_LOCAL_STORAGE    CMakeFiles/cmTC_4920b.dir/src.cxx.o  -o cmTC_4920b -rdynamic 
make[1]: Leaving directory '/home/blid/dev/cpc-wrapper/build/CMakeFiles/CMakeTmp'

Source file was:

int main() { thread_local int i; }

Performing C++ SOURCE FILE Test HAS_DEFAULT_AND_DELETE succeeded with the following output:
Change Dir: /home/blid/dev/cpc-wrapper/build/CMakeFiles/CMakeTmp

Run Build Command:"/usr/bin/make" "cmTC_0e65b/fast"
/usr/bin/make -f CMakeFiles/cmTC_0e65b.dir/build.make CMakeFiles/cmTC_0e65b.dir/build
make[1]: Entering directory '/home/blid/dev/cpc-wrapper/build/CMakeFiles/CMakeTmp'
Building CXX object CMakeFiles/cmTC_0e65b.dir/src.cxx.o
/usr/bin/c++     -std=c++11 -DHAS_DEFAULT_AND_DELETE   -o CMakeFiles/cmTC_0e65b.dir/src.cxx.o -c /home/blid/dev/cpc-wrapper/build/CMakeFiles/CMakeTmp/src.cxx
Linking CXX executable cmTC_0e65b
/usr/bin/cmake -E cmake_link_script CMakeFiles/cmTC_0e65b.dir/link.txt --verbose=1
/usr/bin/c++    -std=c++11 -DHAS_DEFAULT_AND_DELETE    CMakeFiles/cmTC_0e65b.dir/src.cxx.o  -o cmTC_0e65b -rdynamic 
make[1]: Leaving directory '/home/blid/dev/cpc-wrapper/build/CMakeFiles/CMakeTmp'

Source file was:

struct Fu { Fu() = default; Fu(const Fu&) = delete; };
int main() { }

Performing C++ SOURCE FILE Test HAS_VARIADIC_TEMPLATES succeeded with the following output:
Change Dir: /home/blid/dev/cpc-wrapper/build/CMakeFiles/CMakeTmp

Run Build Command:"/usr/bin/make" "cmTC_8a412/fast"
/usr/bin/make -f CMakeFiles/cmTC_8a412.dir/build.make CMakeFiles/cmTC_8a412.dir/build
make[1]: Entering directory '/home/blid/dev/cpc-wrapper/build/CMakeFiles/CMakeTmp'
Building CXX object CMakeFiles/cmTC_8a412.dir/src.cxx.o
/usr/bin/c++     -std=c++11 -DHAS_VARIADIC_TEMPLATES   -o CMakeFiles/cmTC_8a412.dir/src.cxx.o -c /home/blid/dev/cpc-wrapper/build/CMakeFiles/CMakeTmp/src.cxx
Linking CXX executable cmTC_8a412
/usr/bin/cmake -E cmake_link_script CMakeFiles/cmTC_8a412.dir/link.txt --verbose=1
/usr/bin/c++    -std=c++11 -DHAS_VARIADIC_TEMPLATES    CMakeFiles/cmTC_8a412.dir/src.cxx.o  -o cmTC_8a412 -rdynamic 
make[1]: Leaving directory '/home/blid/dev/cpc-wrapper/build/CMakeFiles/CMakeTmp'

Source file was:

template <typename... T> void func(T...) { }
int main() { }

Performing C++ SOURCE FILE Test HAS_NON_BUGGY_TYPE_TRAITS succeeded with the following output:
Change Dir: /home/blid/dev/cpc-wrapper/build/CMakeFiles/CMakeTmp

Run Build Command:"/usr/bin/make" "cmTC_e1f92/fast"
/usr/bin/make -f CMakeFiles/cmTC_e1f92.dir/build.make CMakeFiles/cmTC_e1f92.dir/build
make[1]: Entering directory '/home/blid/dev/cpc-wrapper/build/CMakeFiles/CMakeTmp'
Building CXX object CMakeFiles/cmTC_e1f92.dir/src.cxx.o
/usr/bin/c++     -std=c++11 -DHAS_NON_BUGGY_TYPE_TRAITS   -o CMakeFiles/cmTC_e1f92.dir/src.cxx.o -c /home/blid/dev/cpc-wrapper/build/CMakeFiles/CMakeTmp/src.cxx
Linking CXX executable cmTC_e1f92
/usr/bin/cmake -E cmake_link_script CMakeFiles/cmTC_e1f92.dir/link.txt --verbose=1
/usr/bin/c++    -std=c++11 -DHAS_NON_BUGGY_TYPE_TRAITS    CMakeFiles/cmTC_e1f92.dir/src.cxx.o  -o cmTC_e1f92 -rdynamic 
make[1]: Leaving directory '/home/blid/dev/cpc-wrapper/build/CMakeFiles/CMakeTmp'

Source file was:

#include <type_traits>
struct Fu { Fu(const Fu&) = delete; };
static_assert(!std::is_copy_constructible<Fu>::value, "");
int main() { }

Performing C++ SOURCE FILE Test HAS_INITIALIZER_LISTS succeeded with the following output:
Change Dir: /home/blid/dev/cpc-wrapper/build/CMakeFiles/CMakeTmp

Run Build Command:"/usr/bin/make" "cmTC_11907/fast"
/usr/bin/make -f CMakeFiles/cmTC_11907.dir/build.make CMakeFiles/cmTC_11907.dir/build
make[1]: Entering directory '/home/blid/dev/cpc-wrapper/build/CMakeFiles/CMakeTmp'
Building CXX object CMakeFiles/cmTC_11907.dir/src.cxx.o
/usr/bin/c++     -std=c++11 -DHAS_INITIALIZER_LISTS   -o CMakeFiles/cmTC_11907.dir/src.cxx.o -c /home/blid/dev/cpc-wrapper/build/CMakeFiles/CMakeTmp/src.cxx
Linking CXX executable cmTC_11907
/usr/bin/cmake -E cmake_link_script CMakeFiles/cmTC_11907.dir/link.txt --verbose=1
/usr/bin/c++    -std=c++11 -DHAS_INITIALIZER_LISTS    CMakeFiles/cmTC_11907.dir/src.cxx.o  -o cmTC_11907 -rdynamic 
make[1]: Leaving directory '/home/blid/dev/cpc-wrapper/build/CMakeFiles/CMakeTmp'

Source file was:

#include <vector>
int main() { std::vector<int> vec{1, 2, 3, 4, 5}; }

